{"/Users/lixiao/tmp/AwesomeCoding/backend/utils/funcs.js":{"path":"/Users/lixiao/tmp/AwesomeCoding/backend/utils/funcs.js","statementMap":{"0":{"start":{"line":1,"column":12},"end":{"line":1,"column":28}},"1":{"start":{"line":2,"column":12},"end":{"line":2,"column":28}},"2":{"start":{"line":3,"column":24},"end":{"line":3,"column":54}},"3":{"start":{"line":4,"column":19},"end":{"line":4,"column":62}},"4":{"start":{"line":6,"column":13},"end":{"line":6,"column":30}},"5":{"start":{"line":7,"column":20},"end":{"line":7,"column":77}},"6":{"start":{"line":8,"column":0},"end":{"line":8,"column":32}},"7":{"start":{"line":9,"column":13},"end":{"line":9,"column":41}},"8":{"start":{"line":15,"column":1},"end":{"line":36,"column":3}},"9":{"start":{"line":16,"column":15},"end":{"line":21,"column":3}},"10":{"start":{"line":22,"column":19},"end":{"line":22,"column":49}},"11":{"start":{"line":23,"column":2},"end":{"line":30,"column":5}},"12":{"start":{"line":24,"column":3},"end":{"line":29,"column":4}},"13":{"start":{"line":25,"column":4},"end":{"line":25,"column":21}},"14":{"start":{"line":26,"column":4},"end":{"line":26,"column":16}},"15":{"start":{"line":28,"column":4},"end":{"line":28,"column":24}},"16":{"start":{"line":32,"column":2},"end":{"line":32,"column":39}},"17":{"start":{"line":33,"column":2},"end":{"line":35,"column":5}},"18":{"start":{"line":40,"column":1},"end":{"line":45,"column":2}},"19":{"start":{"line":41,"column":2},"end":{"line":44,"column":5}},"20":{"start":{"line":46,"column":1},"end":{"line":67,"column":4}},"21":{"start":{"line":47,"column":2},"end":{"line":66,"column":5}},"22":{"start":{"line":48,"column":3},"end":{"line":65,"column":4}},"23":{"start":{"line":49,"column":4},"end":{"line":49,"column":35}},"24":{"start":{"line":50,"column":4},"end":{"line":50,"column":15}},"25":{"start":{"line":51,"column":4},"end":{"line":57,"column":8}},"26":{"start":{"line":59,"column":4},"end":{"line":59,"column":35}},"27":{"start":{"line":60,"column":4},"end":{"line":60,"column":26}},"28":{"start":{"line":61,"column":4},"end":{"line":64,"column":7}},"29":{"start":{"line":71,"column":1},"end":{"line":103,"column":4}},"30":{"start":{"line":72,"column":2},"end":{"line":72,"column":37}},"31":{"start":{"line":73,"column":2},"end":{"line":102,"column":5}},"32":{"start":{"line":74,"column":3},"end":{"line":81,"column":6}},"33":{"start":{"line":75,"column":4},"end":{"line":78,"column":37}},"34":{"start":{"line":76,"column":5},"end":{"line":76,"column":37}},"35":{"start":{"line":78,"column":5},"end":{"line":78,"column":37}},"36":{"start":{"line":79,"column":4},"end":{"line":79,"column":22}},"37":{"start":{"line":80,"column":4},"end":{"line":80,"column":23}},"38":{"start":{"line":83,"column":3},"end":{"line":101,"column":4}},"39":{"start":{"line":84,"column":4},"end":{"line":84,"column":15}},"40":{"start":{"line":85,"column":4},"end":{"line":90,"column":7}},"41":{"start":{"line":92,"column":4},"end":{"line":100,"column":7}},"42":{"start":{"line":107,"column":14},"end":{"line":107,"column":52}},"43":{"start":{"line":108,"column":14},"end":{"line":108,"column":27}},"44":{"start":{"line":109,"column":11},"end":{"line":109,"column":13}},"45":{"start":{"line":110,"column":1},"end":{"line":112,"column":2}},"46":{"start":{"line":111,"column":2},"end":{"line":111,"column":59}},"47":{"start":{"line":113,"column":1},"end":{"line":113,"column":12}},"48":{"start":{"line":117,"column":1},"end":{"line":143,"column":4}},"49":{"start":{"line":118,"column":2},"end":{"line":142,"column":6}},"50":{"start":{"line":120,"column":14},"end":{"line":123,"column":36}},"51":{"start":{"line":124,"column":4},"end":{"line":124,"column":32}},"52":{"start":{"line":125,"column":4},"end":{"line":125,"column":33}},"53":{"start":{"line":128,"column":28},"end":{"line":128,"column":34}},"54":{"start":{"line":129,"column":15},"end":{"line":129,"column":24}},"55":{"start":{"line":130,"column":4},"end":{"line":135,"column":5}},"56":{"start":{"line":131,"column":5},"end":{"line":131,"column":15}},"57":{"start":{"line":134,"column":5},"end":{"line":134,"column":36}},"58":{"start":{"line":136,"column":4},"end":{"line":136,"column":15}},"59":{"start":{"line":137,"column":4},"end":{"line":137,"column":18}},"60":{"start":{"line":140,"column":4},"end":{"line":140,"column":52}},"61":{"start":{"line":141,"column":4},"end":{"line":141,"column":16}},"62":{"start":{"line":147,"column":1},"end":{"line":181,"column":4}},"63":{"start":{"line":148,"column":2},"end":{"line":155,"column":3}},"64":{"start":{"line":149,"column":3},"end":{"line":149,"column":14}},"65":{"start":{"line":150,"column":3},"end":{"line":153,"column":6}},"66":{"start":{"line":154,"column":3},"end":{"line":154,"column":10}},"67":{"start":{"line":156,"column":2},"end":{"line":163,"column":3}},"68":{"start":{"line":157,"column":3},"end":{"line":157,"column":14}},"69":{"start":{"line":158,"column":3},"end":{"line":161,"column":6}},"70":{"start":{"line":162,"column":3},"end":{"line":162,"column":10}},"71":{"start":{"line":164,"column":12},"end":{"line":164,"column":125}},"72":{"start":{"line":165,"column":2},"end":{"line":180,"column":6}},"73":{"start":{"line":167,"column":28},"end":{"line":167,"column":34}},"74":{"start":{"line":168,"column":4},"end":{"line":175,"column":5}},"75":{"start":{"line":169,"column":5},"end":{"line":169,"column":16}},"76":{"start":{"line":170,"column":5},"end":{"line":173,"column":8}},"77":{"start":{"line":174,"column":5},"end":{"line":174,"column":12}},"78":{"start":{"line":176,"column":4},"end":{"line":176,"column":59}},"79":{"start":{"line":179,"column":4},"end":{"line":179,"column":16}},"80":{"start":{"line":183,"column":0},"end":{"line":185,"column":2}}},"fnMap":{"0":{"name":"getConnection","decl":{"start":{"line":11,"column":9},"end":{"line":11,"column":22}},"loc":{"start":{"line":11,"column":25},"end":{"line":37,"column":1}},"line":11},"1":{"name":"(anonymous_1)","decl":{"start":{"line":15,"column":20},"end":{"line":15,"column":21}},"loc":{"start":{"line":15,"column":47},"end":{"line":31,"column":2}},"line":15},"2":{"name":"(anonymous_2)","decl":{"start":{"line":23,"column":21},"end":{"line":23,"column":22}},"loc":{"start":{"line":23,"column":36},"end":{"line":30,"column":3}},"line":23},"3":{"name":"(anonymous_3)","decl":{"start":{"line":31,"column":10},"end":{"line":31,"column":11}},"loc":{"start":{"line":31,"column":37},"end":{"line":36,"column":2}},"line":31},"4":{"name":"doSqlQuery","decl":{"start":{"line":39,"column":9},"end":{"line":39,"column":19}},"loc":{"start":{"line":39,"column":31},"end":{"line":68,"column":1}},"line":39},"5":{"name":"(anonymous_5)","decl":{"start":{"line":46,"column":20},"end":{"line":46,"column":21}},"loc":{"start":{"line":46,"column":47},"end":{"line":67,"column":2}},"line":46},"6":{"name":"(anonymous_6)","decl":{"start":{"line":47,"column":18},"end":{"line":47,"column":19}},"loc":{"start":{"line":47,"column":52},"end":{"line":66,"column":3}},"line":47},"7":{"name":"doSqlQuerySequential","decl":{"start":{"line":70,"column":9},"end":{"line":70,"column":29}},"loc":{"start":{"line":70,"column":42},"end":{"line":104,"column":1}},"line":70},"8":{"name":"(anonymous_8)","decl":{"start":{"line":71,"column":20},"end":{"line":71,"column":21}},"loc":{"start":{"line":71,"column":47},"end":{"line":103,"column":2}},"line":71},"9":{"name":"(anonymous_9)","decl":{"start":{"line":73,"column":25},"end":{"line":73,"column":26}},"loc":{"start":{"line":73,"column":51},"end":{"line":82,"column":3}},"line":73},"10":{"name":"(anonymous_10)","decl":{"start":{"line":74,"column":20},"end":{"line":74,"column":21}},"loc":{"start":{"line":74,"column":40},"end":{"line":81,"column":4}},"line":74},"11":{"name":"(anonymous_11)","decl":{"start":{"line":82,"column":5},"end":{"line":82,"column":6}},"loc":{"start":{"line":82,"column":25},"end":{"line":102,"column":3}},"line":82},"12":{"name":"randomString","decl":{"start":{"line":106,"column":9},"end":{"line":106,"column":21}},"loc":{"start":{"line":106,"column":27},"end":{"line":114,"column":1}},"line":106},"13":{"name":"getPermission","decl":{"start":{"line":116,"column":9},"end":{"line":116,"column":22}},"loc":{"start":{"line":116,"column":43},"end":{"line":144,"column":1}},"line":116},"14":{"name":"(anonymous_14)","decl":{"start":{"line":117,"column":20},"end":{"line":117,"column":21}},"loc":{"start":{"line":117,"column":41},"end":{"line":143,"column":2}},"line":117},"15":{"name":"(anonymous_15)","decl":{"start":{"line":119,"column":8},"end":{"line":119,"column":9}},"loc":{"start":{"line":119,"column":18},"end":{"line":126,"column":4}},"line":119},"16":{"name":"(anonymous_16)","decl":{"start":{"line":127,"column":8},"end":{"line":127,"column":9}},"loc":{"start":{"line":127,"column":20},"end":{"line":138,"column":4}},"line":127},"17":{"name":"(anonymous_17)","decl":{"start":{"line":139,"column":9},"end":{"line":139,"column":10}},"loc":{"start":{"line":139,"column":18},"end":{"line":142,"column":4}},"line":139},"18":{"name":"checkPermission","decl":{"start":{"line":146,"column":9},"end":{"line":146,"column":24}},"loc":{"start":{"line":146,"column":50},"end":{"line":182,"column":1}},"line":146},"19":{"name":"(anonymous_19)","decl":{"start":{"line":147,"column":20},"end":{"line":147,"column":21}},"loc":{"start":{"line":147,"column":41},"end":{"line":181,"column":2}},"line":147},"20":{"name":"(anonymous_20)","decl":{"start":{"line":166,"column":8},"end":{"line":166,"column":9}},"loc":{"start":{"line":166,"column":26},"end":{"line":177,"column":4}},"line":166},"21":{"name":"(anonymous_21)","decl":{"start":{"line":178,"column":9},"end":{"line":178,"column":10}},"loc":{"start":{"line":178,"column":24},"end":{"line":180,"column":4}},"line":178}},"branchMap":{"0":{"loc":{"start":{"line":24,"column":3},"end":{"line":29,"column":4}},"type":"if","locations":[{"start":{"line":24,"column":3},"end":{"line":29,"column":4}},{"start":{"line":24,"column":3},"end":{"line":29,"column":4}}],"line":24},"1":{"loc":{"start":{"line":40,"column":1},"end":{"line":45,"column":2}},"type":"if","locations":[{"start":{"line":40,"column":1},"end":{"line":45,"column":2}},{"start":{"line":40,"column":1},"end":{"line":45,"column":2}}],"line":40},"2":{"loc":{"start":{"line":40,"column":5},"end":{"line":40,"column":64}},"type":"binary-expr","locations":[{"start":{"line":40,"column":5},"end":{"line":40,"column":32}},{"start":{"line":40,"column":36},"end":{"line":40,"column":64}}],"line":40},"3":{"loc":{"start":{"line":48,"column":3},"end":{"line":65,"column":4}},"type":"if","locations":[{"start":{"line":48,"column":3},"end":{"line":65,"column":4}},{"start":{"line":48,"column":3},"end":{"line":65,"column":4}}],"line":48},"4":{"loc":{"start":{"line":75,"column":4},"end":{"line":78,"column":37}},"type":"if","locations":[{"start":{"line":75,"column":4},"end":{"line":78,"column":37}},{"start":{"line":75,"column":4},"end":{"line":78,"column":37}}],"line":75},"5":{"loc":{"start":{"line":83,"column":3},"end":{"line":101,"column":4}},"type":"if","locations":[{"start":{"line":83,"column":3},"end":{"line":101,"column":4}},{"start":{"line":83,"column":3},"end":{"line":101,"column":4}}],"line":83},"6":{"loc":{"start":{"line":130,"column":4},"end":{"line":135,"column":5}},"type":"if","locations":[{"start":{"line":130,"column":4},"end":{"line":135,"column":5}},{"start":{"line":130,"column":4},"end":{"line":135,"column":5}}],"line":130},"7":{"loc":{"start":{"line":148,"column":2},"end":{"line":155,"column":3}},"type":"if","locations":[{"start":{"line":148,"column":2},"end":{"line":155,"column":3}},{"start":{"line":148,"column":2},"end":{"line":155,"column":3}}],"line":148},"8":{"loc":{"start":{"line":156,"column":2},"end":{"line":163,"column":3}},"type":"if","locations":[{"start":{"line":156,"column":2},"end":{"line":163,"column":3}},{"start":{"line":156,"column":2},"end":{"line":163,"column":3}}],"line":156},"9":{"loc":{"start":{"line":168,"column":4},"end":{"line":175,"column":5}},"type":"if","locations":[{"start":{"line":168,"column":4},"end":{"line":175,"column":5}},{"start":{"line":168,"column":4},"end":{"line":175,"column":5}}],"line":168}},"s":{"0":1,"1":1,"2":1,"3":1,"4":1,"5":1,"6":1,"7":1,"8":129,"9":129,"10":129,"11":129,"12":129,"13":2,"14":2,"15":127,"16":2,"17":2,"18":183,"19":0,"20":183,"21":183,"22":183,"23":7,"24":7,"25":7,"26":176,"27":176,"28":176,"29":3,"30":3,"31":3,"32":4,"33":4,"34":0,"35":4,"36":4,"37":4,"38":3,"39":0,"40":0,"41":3,"42":19,"43":19,"44":19,"45":19,"46":227,"47":19,"48":6,"49":6,"50":6,"51":6,"52":6,"53":6,"54":6,"55":6,"56":0,"57":6,"58":6,"59":6,"60":0,"61":0,"62":17,"63":17,"64":0,"65":0,"66":0,"67":17,"68":0,"69":0,"70":0,"71":17,"72":17,"73":16,"74":16,"75":1,"76":1,"77":1,"78":15,"79":1,"80":1},"f":{"0":129,"1":129,"2":129,"3":2,"4":183,"5":183,"6":183,"7":3,"8":3,"9":4,"10":4,"11":3,"12":19,"13":6,"14":6,"15":6,"16":6,"17":0,"18":17,"19":17,"20":16,"21":1},"b":{"0":[2,127],"1":[0,183],"2":[183,183],"3":[7,176],"4":[0,4],"5":[0,3],"6":[0,6],"7":[0,17],"8":[0,17],"9":[1,15]},"_coverageSchema":"d34fc3e6b8297bcde183f5492bcb8fcb36775295","hash":"d0fd5e6b77544b3058c6f12b458b6c72ccc2bddd","contentHash":"f70d4d5ed631ff299eba4732b28c5e02"},"/Users/lixiao/tmp/AwesomeCoding/backend/utils/mysql_initializer.js":{"path":"/Users/lixiao/tmp/AwesomeCoding/backend/utils/mysql_initializer.js","statementMap":{"0":{"start":{"line":1,"column":12},"end":{"line":1,"column":28}},"1":{"start":{"line":2,"column":19},"end":{"line":2,"column":62}},"2":{"start":{"line":3,"column":12},"end":{"line":3,"column":28}},"3":{"start":{"line":5,"column":13},"end":{"line":5,"column":30}},"4":{"start":{"line":6,"column":20},"end":{"line":6,"column":77}},"5":{"start":{"line":7,"column":0},"end":{"line":7,"column":32}},"6":{"start":{"line":8,"column":13},"end":{"line":8,"column":41}},"7":{"start":{"line":12,"column":11},"end":{"line":197,"column":1}},"8":{"start":{"line":200,"column":1},"end":{"line":262,"column":4}},"9":{"start":{"line":201,"column":12},"end":{"line":205,"column":3}},"10":{"start":{"line":206,"column":2},"end":{"line":206,"column":71}},"11":{"start":{"line":207,"column":2},"end":{"line":207,"column":56}},"12":{"start":{"line":208,"column":2},"end":{"line":208,"column":20}},"13":{"start":{"line":209,"column":13},"end":{"line":209,"column":40}},"14":{"start":{"line":210,"column":2},"end":{"line":261,"column":5}},"15":{"start":{"line":211,"column":3},"end":{"line":217,"column":4}},"16":{"start":{"line":212,"column":4},"end":{"line":215,"column":7}},"17":{"start":{"line":216,"column":4},"end":{"line":216,"column":11}},"18":{"start":{"line":218,"column":15},"end":{"line":239,"column":4}},"19":{"start":{"line":240,"column":3},"end":{"line":242,"column":4}},"20":{"start":{"line":241,"column":4},"end":{"line":241,"column":46}},"21":{"start":{"line":243,"column":3},"end":{"line":260,"column":6}},"22":{"start":{"line":244,"column":4},"end":{"line":244,"column":45}},"23":{"start":{"line":245,"column":4},"end":{"line":254,"column":7}},"24":{"start":{"line":246,"column":5},"end":{"line":252,"column":6}},"25":{"start":{"line":247,"column":6},"end":{"line":250,"column":15}},"26":{"start":{"line":251,"column":6},"end":{"line":251,"column":13}},"27":{"start":{"line":253,"column":5},"end":{"line":253,"column":21}},"28":{"start":{"line":256,"column":4},"end":{"line":259,"column":19}},"29":{"start":{"line":257,"column":5},"end":{"line":257,"column":17}},"30":{"start":{"line":259,"column":5},"end":{"line":259,"column":19}},"31":{"start":{"line":265,"column":0},"end":{"line":265,"column":35}}},"fnMap":{"0":{"name":"mysql_initializer","decl":{"start":{"line":199,"column":9},"end":{"line":199,"column":26}},"loc":{"start":{"line":199,"column":35},"end":{"line":263,"column":1}},"line":199},"1":{"name":"(anonymous_1)","decl":{"start":{"line":200,"column":20},"end":{"line":200,"column":21}},"loc":{"start":{"line":200,"column":47},"end":{"line":262,"column":2}},"line":200},"2":{"name":"(anonymous_2)","decl":{"start":{"line":210,"column":15},"end":{"line":210,"column":16}},"loc":{"start":{"line":210,"column":30},"end":{"line":261,"column":3}},"line":210},"3":{"name":"(anonymous_3)","decl":{"start":{"line":243,"column":27},"end":{"line":243,"column":28}},"loc":{"start":{"line":243,"column":49},"end":{"line":255,"column":4}},"line":243},"4":{"name":"(anonymous_4)","decl":{"start":{"line":245,"column":27},"end":{"line":245,"column":28}},"loc":{"start":{"line":245,"column":47},"end":{"line":254,"column":5}},"line":245},"5":{"name":"(anonymous_5)","decl":{"start":{"line":255,"column":6},"end":{"line":255,"column":7}},"loc":{"start":{"line":255,"column":26},"end":{"line":260,"column":4}},"line":255}},"branchMap":{"0":{"loc":{"start":{"line":211,"column":3},"end":{"line":217,"column":4}},"type":"if","locations":[{"start":{"line":211,"column":3},"end":{"line":217,"column":4}},{"start":{"line":211,"column":3},"end":{"line":217,"column":4}}],"line":211},"1":{"loc":{"start":{"line":240,"column":3},"end":{"line":242,"column":4}},"type":"if","locations":[{"start":{"line":240,"column":3},"end":{"line":242,"column":4}},{"start":{"line":240,"column":3},"end":{"line":242,"column":4}}],"line":240},"2":{"loc":{"start":{"line":246,"column":5},"end":{"line":252,"column":6}},"type":"if","locations":[{"start":{"line":246,"column":5},"end":{"line":252,"column":6}},{"start":{"line":246,"column":5},"end":{"line":252,"column":6}}],"line":246},"3":{"loc":{"start":{"line":256,"column":4},"end":{"line":259,"column":19}},"type":"if","locations":[{"start":{"line":256,"column":4},"end":{"line":259,"column":19}},{"start":{"line":256,"column":4},"end":{"line":259,"column":19}}],"line":256}},"s":{"0":1,"1":1,"2":1,"3":1,"4":1,"5":1,"6":1,"7":1,"8":3,"9":3,"10":3,"11":3,"12":3,"13":3,"14":3,"15":3,"16":0,"17":0,"18":3,"19":3,"20":2,"21":3,"22":62,"23":62,"24":62,"25":0,"26":0,"27":62,"28":3,"29":0,"30":3,"31":1},"f":{"0":3,"1":3,"2":3,"3":62,"4":62,"5":3},"b":{"0":[0,3],"1":[2,1],"2":[0,62],"3":[0,3]},"_coverageSchema":"d34fc3e6b8297bcde183f5492bcb8fcb36775295","hash":"b8390bd2a1776b7e265711c710ac9732dc54110f","contentHash":"fc82301e8f2068397afb16cb0ec965e0"},"/Users/lixiao/tmp/AwesomeCoding/backend/configures/database.config.js":{"path":"/Users/lixiao/tmp/AwesomeCoding/backend/configures/database.config.js","statementMap":{"0":{"start":{"line":12,"column":17},"end":{"line":17,"column":1}},"1":{"start":{"line":21,"column":0},"end":{"line":21,"column":28}}},"fnMap":{},"branchMap":{},"s":{"0":1,"1":1},"f":{},"b":{},"_coverageSchema":"d34fc3e6b8297bcde183f5492bcb8fcb36775295","hash":"6d672a86e53654258ad003a53aef0bc1edf24c11","contentHash":"65c5892a1a40feffe34676c18ad4f8ec"},"/Users/lixiao/tmp/AwesomeCoding/backend/configures/log.config.js":{"path":"/Users/lixiao/tmp/AwesomeCoding/backend/configures/log.config.js","statementMap":{"0":{"start":{"line":1,"column":24},"end":{"line":9,"column":1}},"1":{"start":{"line":11,"column":25},"end":{"line":19,"column":1}},"2":{"start":{"line":21,"column":25},"end":{"line":29,"column":1}},"3":{"start":{"line":31,"column":0},"end":{"line":35,"column":2}}},"fnMap":{},"branchMap":{},"s":{"0":1,"1":1,"2":1,"3":1},"f":{},"b":{},"_coverageSchema":"d34fc3e6b8297bcde183f5492bcb8fcb36775295","hash":"3a7ed6b238a731c5bf30a751b9a5b2396a0f280e","contentHash":"c319b5383bba6234668c2c23b0b500b1"},"/Users/lixiao/tmp/AwesomeCoding/backend/utils/sign.js":{"path":"/Users/lixiao/tmp/AwesomeCoding/backend/utils/sign.js","statementMap":{"0":{"start":{"line":1,"column":16},"end":{"line":1,"column":50}},"1":{"start":{"line":4,"column":11},"end":{"line":4,"column":13}},"2":{"start":{"line":5,"column":1},"end":{"line":7,"column":2}},"3":{"start":{"line":6,"column":2},"end":{"line":6,"column":14}},"4":{"start":{"line":8,"column":1},"end":{"line":8,"column":12}},"5":{"start":{"line":10,"column":11},"end":{"line":10,"column":20}},"6":{"start":{"line":11,"column":1},"end":{"line":13,"column":2}},"7":{"start":{"line":12,"column":2},"end":{"line":12,"column":38}},"8":{"start":{"line":14,"column":1},"end":{"line":14,"column":23}},"9":{"start":{"line":16,"column":11},"end":{"line":16,"column":30}},"10":{"start":{"line":17,"column":17},"end":{"line":17,"column":25}},"11":{"start":{"line":18,"column":11},"end":{"line":18,"column":34}},"12":{"start":{"line":19,"column":1},"end":{"line":19,"column":12}},"13":{"start":{"line":22,"column":0},"end":{"line":24,"column":2}}},"fnMap":{"0":{"name":"getSign","decl":{"start":{"line":3,"column":9},"end":{"line":3,"column":16}},"loc":{"start":{"line":3,"column":25},"end":{"line":20,"column":1}},"line":3}},"branchMap":{},"s":{"0":1,"1":1,"2":1,"3":0,"4":1,"5":1,"6":1,"7":0,"8":1,"9":1,"10":1,"11":1,"12":1,"13":1},"f":{"0":1},"b":{},"_coverageSchema":"d34fc3e6b8297bcde183f5492bcb8fcb36775295","hash":"f0a8bea7c26741b062edddb206ef125f65260045","contentHash":"8edd87148b2239cead33829c7d917f7a"},"/Users/lixiao/tmp/AwesomeCoding/backend/utils/socket_io.js":{"path":"/Users/lixiao/tmp/AwesomeCoding/backend/utils/socket_io.js","statementMap":{"0":{"start":{"line":2,"column":20},"end":{"line":2,"column":59}},"1":{"start":{"line":3,"column":17},"end":{"line":3,"column":53}},"2":{"start":{"line":4,"column":13},"end":{"line":4,"column":30}},"3":{"start":{"line":5,"column":20},"end":{"line":5,"column":76}},"4":{"start":{"line":6,"column":0},"end":{"line":6,"column":32}},"5":{"start":{"line":7,"column":13},"end":{"line":7,"column":43}},"6":{"start":{"line":8,"column":20},"end":{"line":8,"column":60}},"7":{"start":{"line":9,"column":12},"end":{"line":9,"column":28}},"8":{"start":{"line":13,"column":1},"end":{"line":60,"column":5}},"9":{"start":{"line":15,"column":13},"end":{"line":23,"column":33}},"10":{"start":{"line":24,"column":3},"end":{"line":24,"column":32}},"11":{"start":{"line":27,"column":27},"end":{"line":27,"column":33}},"12":{"start":{"line":28,"column":13},"end":{"line":28,"column":99}},"13":{"start":{"line":29,"column":3},"end":{"line":29,"column":31}},"14":{"start":{"line":32,"column":27},"end":{"line":32,"column":33}},"15":{"start":{"line":33,"column":3},"end":{"line":33,"column":14}},"16":{"start":{"line":34,"column":14},"end":{"line":43,"column":4}},"17":{"start":{"line":44,"column":3},"end":{"line":52,"column":4}},"18":{"start":{"line":45,"column":13},"end":{"line":45,"column":27}},"19":{"start":{"line":46,"column":4},"end":{"line":46,"column":20}},"20":{"start":{"line":47,"column":4},"end":{"line":51,"column":5}},"21":{"start":{"line":48,"column":5},"end":{"line":48,"column":87}},"22":{"start":{"line":48,"column":47},"end":{"line":48,"column":87}},"23":{"start":{"line":50,"column":5},"end":{"line":50,"column":46}},"24":{"start":{"line":55,"column":3},"end":{"line":55,"column":27}},"25":{"start":{"line":56,"column":3},"end":{"line":59,"column":6}},"26":{"start":{"line":64,"column":1},"end":{"line":64,"column":38}},"27":{"start":{"line":65,"column":1},"end":{"line":86,"column":5}},"28":{"start":{"line":67,"column":13},"end":{"line":67,"column":97}},"29":{"start":{"line":68,"column":3},"end":{"line":68,"column":31}},"30":{"start":{"line":71,"column":27},"end":{"line":71,"column":33}},"31":{"start":{"line":72,"column":3},"end":{"line":72,"column":40}},"32":{"start":{"line":73,"column":3},"end":{"line":73,"column":14}},"33":{"start":{"line":74,"column":3},"end":{"line":82,"column":4}},"34":{"start":{"line":75,"column":13},"end":{"line":75,"column":27}},"35":{"start":{"line":76,"column":4},"end":{"line":76,"column":82}},"36":{"start":{"line":76,"column":73},"end":{"line":76,"column":82}},"37":{"start":{"line":77,"column":4},"end":{"line":77,"column":20}},"38":{"start":{"line":78,"column":4},"end":{"line":81,"column":5}},"39":{"start":{"line":79,"column":5},"end":{"line":79,"column":35}},"40":{"start":{"line":80,"column":5},"end":{"line":80,"column":42}},"41":{"start":{"line":85,"column":3},"end":{"line":85,"column":24}},"42":{"start":{"line":90,"column":1},"end":{"line":131,"column":4}},"43":{"start":{"line":92,"column":2},"end":{"line":92,"column":36}},"44":{"start":{"line":93,"column":2},"end":{"line":97,"column":3}},"45":{"start":{"line":94,"column":3},"end":{"line":94,"column":58}},"46":{"start":{"line":95,"column":3},"end":{"line":96,"column":54}},"47":{"start":{"line":99,"column":2},"end":{"line":106,"column":5}},"48":{"start":{"line":100,"column":3},"end":{"line":100,"column":40}},"49":{"start":{"line":101,"column":3},"end":{"line":105,"column":4}},"50":{"start":{"line":102,"column":4},"end":{"line":102,"column":57}},"51":{"start":{"line":103,"column":4},"end":{"line":104,"column":55}},"52":{"start":{"line":108,"column":2},"end":{"line":118,"column":5}},"53":{"start":{"line":109,"column":3},"end":{"line":109,"column":37}},"54":{"start":{"line":110,"column":3},"end":{"line":115,"column":4}},"55":{"start":{"line":111,"column":4},"end":{"line":113,"column":7}},"56":{"start":{"line":114,"column":4},"end":{"line":114,"column":11}},"57":{"start":{"line":117,"column":3},"end":{"line":117,"column":35}},"58":{"start":{"line":120,"column":2},"end":{"line":125,"column":3}},"59":{"start":{"line":121,"column":3},"end":{"line":124,"column":6}},"60":{"start":{"line":122,"column":4},"end":{"line":122,"column":28}},"61":{"start":{"line":123,"column":4},"end":{"line":123,"column":35}},"62":{"start":{"line":127,"column":2},"end":{"line":129,"column":5}},"63":{"start":{"line":128,"column":3},"end":{"line":128,"column":30}},"64":{"start":{"line":132,"column":1},"end":{"line":132,"column":12}},"65":{"start":{"line":135,"column":0},"end":{"line":135,"column":71}}},"fnMap":{"0":{"name":"notifyClassMembers","decl":{"start":{"line":12,"column":9},"end":{"line":12,"column":27}},"loc":{"start":{"line":12,"column":41},"end":{"line":61,"column":1}},"line":12},"1":{"name":"(anonymous_1)","decl":{"start":{"line":14,"column":7},"end":{"line":14,"column":8}},"loc":{"start":{"line":14,"column":17},"end":{"line":25,"column":3}},"line":14},"2":{"name":"(anonymous_2)","decl":{"start":{"line":26,"column":7},"end":{"line":26,"column":8}},"loc":{"start":{"line":26,"column":19},"end":{"line":30,"column":3}},"line":26},"3":{"name":"(anonymous_3)","decl":{"start":{"line":31,"column":7},"end":{"line":31,"column":8}},"loc":{"start":{"line":31,"column":19},"end":{"line":53,"column":3}},"line":31},"4":{"name":"(anonymous_4)","decl":{"start":{"line":54,"column":8},"end":{"line":54,"column":9}},"loc":{"start":{"line":54,"column":17},"end":{"line":60,"column":3}},"line":54},"5":{"name":"alertClassMembers","decl":{"start":{"line":63,"column":9},"end":{"line":63,"column":26}},"loc":{"start":{"line":63,"column":40},"end":{"line":87,"column":1}},"line":63},"6":{"name":"(anonymous_6)","decl":{"start":{"line":66,"column":7},"end":{"line":66,"column":8}},"loc":{"start":{"line":66,"column":17},"end":{"line":69,"column":3}},"line":66},"7":{"name":"(anonymous_7)","decl":{"start":{"line":70,"column":7},"end":{"line":70,"column":8}},"loc":{"start":{"line":70,"column":19},"end":{"line":83,"column":3}},"line":70},"8":{"name":"(anonymous_8)","decl":{"start":{"line":84,"column":8},"end":{"line":84,"column":9}},"loc":{"start":{"line":84,"column":21},"end":{"line":86,"column":3}},"line":84},"9":{"name":"initSocketIO","decl":{"start":{"line":89,"column":9},"end":{"line":89,"column":21}},"loc":{"start":{"line":89,"column":27},"end":{"line":133,"column":1}},"line":89},"10":{"name":"(anonymous_10)","decl":{"start":{"line":90,"column":30},"end":{"line":90,"column":31}},"loc":{"start":{"line":90,"column":48},"end":{"line":131,"column":2}},"line":90},"11":{"name":"(anonymous_11)","decl":{"start":{"line":99,"column":26},"end":{"line":99,"column":27}},"loc":{"start":{"line":99,"column":38},"end":{"line":106,"column":3}},"line":99},"12":{"name":"(anonymous_12)","decl":{"start":{"line":108,"column":23},"end":{"line":108,"column":24}},"loc":{"start":{"line":108,"column":38},"end":{"line":118,"column":3}},"line":108},"13":{"name":"(anonymous_13)","decl":{"start":{"line":121,"column":22},"end":{"line":121,"column":23}},"loc":{"start":{"line":121,"column":37},"end":{"line":124,"column":4}},"line":121},"14":{"name":"(anonymous_14)","decl":{"start":{"line":127,"column":24},"end":{"line":127,"column":25}},"loc":{"start":{"line":127,"column":36},"end":{"line":129,"column":3}},"line":127}},"branchMap":{"0":{"loc":{"start":{"line":47,"column":4},"end":{"line":51,"column":5}},"type":"if","locations":[{"start":{"line":47,"column":4},"end":{"line":51,"column":5}},{"start":{"line":47,"column":4},"end":{"line":51,"column":5}}],"line":47},"1":{"loc":{"start":{"line":48,"column":5},"end":{"line":48,"column":87}},"type":"if","locations":[{"start":{"line":48,"column":5},"end":{"line":48,"column":87}},{"start":{"line":48,"column":5},"end":{"line":48,"column":87}}],"line":48},"2":{"loc":{"start":{"line":76,"column":4},"end":{"line":76,"column":82}},"type":"if","locations":[{"start":{"line":76,"column":4},"end":{"line":76,"column":82}},{"start":{"line":76,"column":4},"end":{"line":76,"column":82}}],"line":76},"3":{"loc":{"start":{"line":76,"column":8},"end":{"line":76,"column":71}},"type":"binary-expr","locations":[{"start":{"line":76,"column":8},"end":{"line":76,"column":45}},{"start":{"line":76,"column":49},"end":{"line":76,"column":71}}],"line":76},"4":{"loc":{"start":{"line":78,"column":4},"end":{"line":81,"column":5}},"type":"if","locations":[{"start":{"line":78,"column":4},"end":{"line":81,"column":5}},{"start":{"line":78,"column":4},"end":{"line":81,"column":5}}],"line":78},"5":{"loc":{"start":{"line":93,"column":2},"end":{"line":97,"column":3}},"type":"if","locations":[{"start":{"line":93,"column":2},"end":{"line":97,"column":3}},{"start":{"line":93,"column":2},"end":{"line":97,"column":3}}],"line":93},"6":{"loc":{"start":{"line":101,"column":3},"end":{"line":105,"column":4}},"type":"if","locations":[{"start":{"line":101,"column":3},"end":{"line":105,"column":4}},{"start":{"line":101,"column":3},"end":{"line":105,"column":4}}],"line":101},"7":{"loc":{"start":{"line":110,"column":3},"end":{"line":115,"column":4}},"type":"if","locations":[{"start":{"line":110,"column":3},"end":{"line":115,"column":4}},{"start":{"line":110,"column":3},"end":{"line":115,"column":4}}],"line":110},"8":{"loc":{"start":{"line":120,"column":2},"end":{"line":125,"column":3}},"type":"if","locations":[{"start":{"line":120,"column":2},"end":{"line":125,"column":3}},{"start":{"line":120,"column":2},"end":{"line":125,"column":3}}],"line":120}},"s":{"0":1,"1":1,"2":1,"3":1,"4":1,"5":1,"6":1,"7":1,"8":1,"9":1,"10":0,"11":0,"12":0,"13":0,"14":0,"15":0,"16":0,"17":0,"18":0,"19":0,"20":0,"21":0,"22":0,"23":0,"24":1,"25":1,"26":1,"27":1,"28":1,"29":1,"30":1,"31":1,"32":1,"33":1,"34":1,"35":1,"36":0,"37":0,"38":0,"39":0,"40":0,"41":1,"42":1,"43":0,"44":0,"45":0,"46":0,"47":0,"48":0,"49":0,"50":0,"51":0,"52":0,"53":0,"54":0,"55":0,"56":0,"57":0,"58":0,"59":0,"60":0,"61":0,"62":0,"63":0,"64":1,"65":1},"f":{"0":1,"1":1,"2":0,"3":0,"4":1,"5":1,"6":1,"7":1,"8":1,"9":1,"10":0,"11":0,"12":0,"13":0,"14":0},"b":{"0":[0,0],"1":[0,0],"2":[0,0],"3":[1,0],"4":[0,0],"5":[0,0],"6":[0,0],"7":[0,0],"8":[0,0]},"_coverageSchema":"d34fc3e6b8297bcde183f5492bcb8fcb36775295","hash":"ff55b18f024656b399ca70680bd44c1bda4a39d7","contentHash":"f170170fef4f350f3db5cd51f69661f3"},"/Users/lixiao/tmp/AwesomeCoding/backend/utils/global.js":{"path":"/Users/lixiao/tmp/AwesomeCoding/backend/utils/global.js","statementMap":{"0":{"start":{"line":3,"column":19},"end":{"line":3,"column":21}},"1":{"start":{"line":6,"column":1},"end":{"line":6,"column":43}},"2":{"start":{"line":6,"column":36},"end":{"line":6,"column":43}},"3":{"start":{"line":7,"column":14},"end":{"line":7,"column":43}},"4":{"start":{"line":8,"column":1},"end":{"line":8,"column":34}},"5":{"start":{"line":8,"column":27},"end":{"line":8,"column":34}},"6":{"start":{"line":9,"column":1},"end":{"line":9,"column":34}},"7":{"start":{"line":13,"column":0},"end":{"line":15,"column":2}}},"fnMap":{"0":{"name":"updateSocketSession","decl":{"start":{"line":5,"column":9},"end":{"line":5,"column":28}},"loc":{"start":{"line":5,"column":38},"end":{"line":11,"column":1}},"line":5}},"branchMap":{"0":{"loc":{"start":{"line":6,"column":1},"end":{"line":6,"column":43}},"type":"if","locations":[{"start":{"line":6,"column":1},"end":{"line":6,"column":43}},{"start":{"line":6,"column":1},"end":{"line":6,"column":43}}],"line":6},"1":{"loc":{"start":{"line":8,"column":1},"end":{"line":8,"column":34}},"type":"if","locations":[{"start":{"line":8,"column":1},"end":{"line":8,"column":34}},{"start":{"line":8,"column":1},"end":{"line":8,"column":34}}],"line":8}},"s":{"0":1,"1":20,"2":0,"3":20,"4":20,"5":20,"6":0,"7":1},"f":{"0":20},"b":{"0":[0,20],"1":[20,0]},"_coverageSchema":"d34fc3e6b8297bcde183f5492bcb8fcb36775295","hash":"70d996979d5e3608cdd6be479f621d89a5aae0db","contentHash":"e0c598e163b7f792bcab5855087299bf"},"/Users/lixiao/tmp/AwesomeCoding/backend/app.js":{"path":"/Users/lixiao/tmp/AwesomeCoding/backend/app.js","statementMap":{"0":{"start":{"line":2,"column":14},"end":{"line":2,"column":32}},"1":{"start":{"line":3,"column":11},"end":{"line":3,"column":26}},"2":{"start":{"line":4,"column":19},"end":{"line":4,"column":43}},"3":{"start":{"line":5,"column":14},"end":{"line":5,"column":53}},"4":{"start":{"line":6,"column":21},"end":{"line":6,"column":59}},"5":{"start":{"line":7,"column":14},"end":{"line":7,"column":40}},"6":{"start":{"line":8,"column":11},"end":{"line":8,"column":26}},"7":{"start":{"line":9,"column":14},"end":{"line":9,"column":38}},"8":{"start":{"line":12,"column":10},"end":{"line":12,"column":33}},"9":{"start":{"line":13,"column":15},"end":{"line":13,"column":39}},"10":{"start":{"line":14,"column":16},"end":{"line":14,"column":41}},"11":{"start":{"line":15,"column":15},"end":{"line":15,"column":51}},"12":{"start":{"line":16,"column":15},"end":{"line":16,"column":39}},"13":{"start":{"line":17,"column":20},"end":{"line":17,"column":49}},"14":{"start":{"line":18,"column":18},"end":{"line":18,"column":45}},"15":{"start":{"line":19,"column":18},"end":{"line":19,"column":45}},"16":{"start":{"line":20,"column":15},"end":{"line":20,"column":39}},"17":{"start":{"line":22,"column":13},"end":{"line":22,"column":30}},"18":{"start":{"line":23,"column":20},"end":{"line":23,"column":75}},"19":{"start":{"line":24,"column":0},"end":{"line":24,"column":32}},"20":{"start":{"line":25,"column":13},"end":{"line":25,"column":45}},"21":{"start":{"line":27,"column":24},"end":{"line":27,"column":60}},"22":{"start":{"line":28,"column":0},"end":{"line":35,"column":4}},"23":{"start":{"line":30,"column":2},"end":{"line":30,"column":39}},"24":{"start":{"line":31,"column":2},"end":{"line":31,"column":13}},"25":{"start":{"line":34,"column":2},"end":{"line":34,"column":51}},"26":{"start":{"line":37,"column":10},"end":{"line":37,"column":19}},"27":{"start":{"line":38,"column":13},"end":{"line":38,"column":35}},"28":{"start":{"line":40,"column":10},"end":{"line":40,"column":38}},"29":{"start":{"line":42,"column":24},"end":{"line":46,"column":2}},"30":{"start":{"line":48,"column":0},"end":{"line":50,"column":3}},"31":{"start":{"line":49,"column":1},"end":{"line":49,"column":61}},"32":{"start":{"line":52,"column":0},"end":{"line":52,"column":27}},"33":{"start":{"line":53,"column":0},"end":{"line":53,"column":57}},"34":{"start":{"line":55,"column":0},"end":{"line":55,"column":47}},"35":{"start":{"line":58,"column":0},"end":{"line":58,"column":48}},"36":{"start":{"line":59,"column":0},"end":{"line":59,"column":31}},"37":{"start":{"line":61,"column":0},"end":{"line":71,"column":4}},"38":{"start":{"line":66,"column":4},"end":{"line":66,"column":33}},"39":{"start":{"line":74,"column":0},"end":{"line":74,"column":24}},"40":{"start":{"line":75,"column":0},"end":{"line":75,"column":49}},"41":{"start":{"line":76,"column":0},"end":{"line":76,"column":24}},"42":{"start":{"line":79,"column":0},"end":{"line":79,"column":59}},"43":{"start":{"line":80,"column":0},"end":{"line":80,"column":58}},"44":{"start":{"line":81,"column":0},"end":{"line":81,"column":66}},"45":{"start":{"line":82,"column":0},"end":{"line":82,"column":71}},"46":{"start":{"line":84,"column":0},"end":{"line":84,"column":41}},"47":{"start":{"line":85,"column":0},"end":{"line":85,"column":31}},"48":{"start":{"line":86,"column":0},"end":{"line":86,"column":33}},"49":{"start":{"line":87,"column":0},"end":{"line":87,"column":31}},"50":{"start":{"line":88,"column":0},"end":{"line":88,"column":31}},"51":{"start":{"line":89,"column":0},"end":{"line":89,"column":31}},"52":{"start":{"line":90,"column":0},"end":{"line":90,"column":37}},"53":{"start":{"line":91,"column":0},"end":{"line":91,"column":37}},"54":{"start":{"line":92,"column":0},"end":{"line":92,"column":21}},"55":{"start":{"line":95,"column":0},"end":{"line":97,"column":3}},"56":{"start":{"line":96,"column":1},"end":{"line":96,"column":24}},"57":{"start":{"line":100,"column":0},"end":{"line":108,"column":3}},"58":{"start":{"line":102,"column":1},"end":{"line":102,"column":34}},"59":{"start":{"line":103,"column":1},"end":{"line":103,"column":68}},"60":{"start":{"line":106,"column":1},"end":{"line":106,"column":31}},"61":{"start":{"line":107,"column":1},"end":{"line":107,"column":21}},"62":{"start":{"line":110,"column":0},"end":{"line":110,"column":31}}},"fnMap":{"0":{"name":"(anonymous_0)","decl":{"start":{"line":29,"column":6},"end":{"line":29,"column":7}},"loc":{"start":{"line":29,"column":16},"end":{"line":32,"column":2}},"line":29},"1":{"name":"(anonymous_1)","decl":{"start":{"line":33,"column":7},"end":{"line":33,"column":8}},"loc":{"start":{"line":33,"column":16},"end":{"line":35,"column":2}},"line":33},"2":{"name":"(anonymous_2)","decl":{"start":{"line":48,"column":8},"end":{"line":48,"column":9}},"loc":{"start":{"line":48,"column":31},"end":{"line":50,"column":1}},"line":48},"3":{"name":"(anonymous_3)","decl":{"start":{"line":65,"column":7},"end":{"line":65,"column":8}},"loc":{"start":{"line":65,"column":26},"end":{"line":67,"column":4}},"line":65},"4":{"name":"(anonymous_4)","decl":{"start":{"line":95,"column":8},"end":{"line":95,"column":9}},"loc":{"start":{"line":95,"column":34},"end":{"line":97,"column":1}},"line":95},"5":{"name":"(anonymous_5)","decl":{"start":{"line":100,"column":8},"end":{"line":100,"column":9}},"loc":{"start":{"line":100,"column":39},"end":{"line":108,"column":1}},"line":100}},"branchMap":{"0":{"loc":{"start":{"line":103,"column":20},"end":{"line":103,"column":67}},"type":"cond-expr","locations":[{"start":{"line":103,"column":59},"end":{"line":103,"column":62}},{"start":{"line":103,"column":65},"end":{"line":103,"column":67}}],"line":103},"1":{"loc":{"start":{"line":106,"column":12},"end":{"line":106,"column":29}},"type":"binary-expr","locations":[{"start":{"line":106,"column":12},"end":{"line":106,"column":22}},{"start":{"line":106,"column":26},"end":{"line":106,"column":29}}],"line":106}},"s":{"0":1,"1":1,"2":1,"3":1,"4":1,"5":1,"6":1,"7":1,"8":1,"9":1,"10":1,"11":1,"12":1,"13":1,"14":1,"15":1,"16":1,"17":1,"18":1,"19":1,"20":1,"21":1,"22":1,"23":1,"24":1,"25":0,"26":1,"27":1,"28":1,"29":1,"30":1,"31":0,"32":1,"33":1,"34":1,"35":1,"36":1,"37":1,"38":0,"39":1,"40":1,"41":1,"42":1,"43":1,"44":1,"45":1,"46":1,"47":1,"48":1,"49":1,"50":1,"51":1,"52":1,"53":1,"54":1,"55":1,"56":0,"57":1,"58":2,"59":2,"60":2,"61":2,"62":1},"f":{"0":1,"1":0,"2":0,"3":0,"4":0,"5":2},"b":{"0":[2,0],"1":[2,2]},"_coverageSchema":"d34fc3e6b8297bcde183f5492bcb8fcb36775295","hash":"32f53293e7e2a9f3d64245051bf1db1b6bba39e6","contentHash":"b3d447a8b88569b57354950ddc044132"},"/Users/lixiao/tmp/AwesomeCoding/backend/configures/session.config.js":{"path":"/Users/lixiao/tmp/AwesomeCoding/backend/configures/session.config.js","statementMap":{"0":{"start":{"line":1,"column":14},"end":{"line":6,"column":2}},"1":{"start":{"line":8,"column":0},"end":{"line":8,"column":25}}},"fnMap":{},"branchMap":{},"s":{"0":1,"1":1},"f":{},"b":{},"_coverageSchema":"d34fc3e6b8297bcde183f5492bcb8fcb36775295","hash":"571a506de3af87e8f9135b2e28cdc6ac45596598","contentHash":"9e4a2030745cddb433dc3ae1e1eb9107"},"/Users/lixiao/tmp/AwesomeCoding/backend/routes/api.js":{"path":"/Users/lixiao/tmp/AwesomeCoding/backend/routes/api.js","statementMap":{"0":{"start":{"line":1,"column":14},"end":{"line":1,"column":32}},"1":{"start":{"line":2,"column":13},"end":{"line":2,"column":29}},"2":{"start":{"line":3,"column":18},"end":{"line":3,"column":61}},"3":{"start":{"line":5,"column":0},"end":{"line":10,"column":3}},"4":{"start":{"line":6,"column":1},"end":{"line":9,"column":5}},"5":{"start":{"line":12,"column":0},"end":{"line":18,"column":3}},"6":{"start":{"line":13,"column":14},"end":{"line":16,"column":2}},"7":{"start":{"line":17,"column":1},"end":{"line":17,"column":46}},"8":{"start":{"line":20,"column":0},"end":{"line":20,"column":24}}},"fnMap":{"0":{"name":"(anonymous_0)","decl":{"start":{"line":5,"column":20},"end":{"line":5,"column":21}},"loc":{"start":{"line":5,"column":46},"end":{"line":10,"column":1}},"line":5},"1":{"name":"(anonymous_1)","decl":{"start":{"line":12,"column":16},"end":{"line":12,"column":17}},"loc":{"start":{"line":12,"column":42},"end":{"line":18,"column":1}},"line":12}},"branchMap":{},"s":{"0":1,"1":1,"2":1,"3":1,"4":1,"5":1,"6":1,"7":1,"8":1},"f":{"0":1,"1":1},"b":{},"_coverageSchema":"d34fc3e6b8297bcde183f5492bcb8fcb36775295","hash":"a6e14bd376d10ebc3dbc87078f9c282cbadf59c5","contentHash":"a5441fc8d4a58b8395dd173f8dfc7a5f"},"/Users/lixiao/tmp/AwesomeCoding/backend/routes/user.js":{"path":"/Users/lixiao/tmp/AwesomeCoding/backend/routes/user.js","statementMap":{"0":{"start":{"line":1,"column":30},"end":{"line":1,"column":32}},"1":{"start":{"line":2,"column":14},"end":{"line":2,"column":30}},"2":{"start":{"line":4,"column":16},"end":{"line":4,"column":34}},"3":{"start":{"line":5,"column":13},"end":{"line":5,"column":29}},"4":{"start":{"line":6,"column":14},"end":{"line":6,"column":30}},"5":{"start":{"line":8,"column":19},"end":{"line":8,"column":55}},"6":{"start":{"line":9,"column":22},"end":{"line":9,"column":61}},"7":{"start":{"line":10,"column":28},"end":{"line":10,"column":74}},"8":{"start":{"line":12,"column":15},"end":{"line":12,"column":32}},"9":{"start":{"line":13,"column":22},"end":{"line":13,"column":78}},"10":{"start":{"line":14,"column":0},"end":{"line":14,"column":32}},"11":{"start":{"line":15,"column":15},"end":{"line":15,"column":43}},"12":{"start":{"line":17,"column":20},"end":{"line":17,"column":67}},"13":{"start":{"line":23,"column":1},"end":{"line":23,"column":34}},"14":{"start":{"line":24,"column":1},"end":{"line":24,"column":34}},"15":{"start":{"line":25,"column":1},"end":{"line":25,"column":26}},"16":{"start":{"line":26,"column":1},"end":{"line":26,"column":27}},"17":{"start":{"line":27,"column":1},"end":{"line":27,"column":28}},"18":{"start":{"line":28,"column":1},"end":{"line":28,"column":28}},"19":{"start":{"line":29,"column":1},"end":{"line":29,"column":28}},"20":{"start":{"line":30,"column":1},"end":{"line":30,"column":30}},"21":{"start":{"line":33,"column":0},"end":{"line":39,"column":3}},"22":{"start":{"line":34,"column":1},"end":{"line":34,"column":43}},"23":{"start":{"line":35,"column":16},"end":{"line":35,"column":27}},"24":{"start":{"line":36,"column":1},"end":{"line":36,"column":30}},"25":{"start":{"line":37,"column":1},"end":{"line":37,"column":33}},"26":{"start":{"line":38,"column":1},"end":{"line":38,"column":36}},"27":{"start":{"line":41,"column":0},"end":{"line":69,"column":3}},"28":{"start":{"line":42,"column":1},"end":{"line":42,"column":31}},"29":{"start":{"line":43,"column":1},"end":{"line":43,"column":23}},"30":{"start":{"line":44,"column":22},"end":{"line":44,"column":24}},"31":{"start":{"line":45,"column":1},"end":{"line":47,"column":2}},"32":{"start":{"line":46,"column":2},"end":{"line":46,"column":49}},"33":{"start":{"line":49,"column":11},"end":{"line":49,"column":51}},"34":{"start":{"line":51,"column":1},"end":{"line":68,"column":5}},"35":{"start":{"line":60,"column":3},"end":{"line":60,"column":62}},"36":{"start":{"line":61,"column":18},"end":{"line":61,"column":29}},"37":{"start":{"line":62,"column":3},"end":{"line":62,"column":32}},"38":{"start":{"line":64,"column":3},"end":{"line":64,"column":38}},"39":{"start":{"line":67,"column":3},"end":{"line":67,"column":25}},"40":{"start":{"line":71,"column":0},"end":{"line":162,"column":3}},"41":{"start":{"line":72,"column":1},"end":{"line":72,"column":45}},"42":{"start":{"line":73,"column":16},"end":{"line":73,"column":18}},"43":{"start":{"line":74,"column":1},"end":{"line":82,"column":2}},"44":{"start":{"line":75,"column":2},"end":{"line":78,"column":4}},"45":{"start":{"line":79,"column":2},"end":{"line":79,"column":34}},"46":{"start":{"line":80,"column":2},"end":{"line":80,"column":37}},"47":{"start":{"line":81,"column":2},"end":{"line":81,"column":9}},"48":{"start":{"line":99,"column":1},"end":{"line":161,"column":5}},"49":{"start":{"line":101,"column":13},"end":{"line":101,"column":86}},"50":{"start":{"line":102,"column":3},"end":{"line":102,"column":32}},"51":{"start":{"line":105,"column":27},"end":{"line":105,"column":33}},"52":{"start":{"line":106,"column":3},"end":{"line":112,"column":4}},"53":{"start":{"line":107,"column":4},"end":{"line":107,"column":15}},"54":{"start":{"line":108,"column":4},"end":{"line":111,"column":7}},"55":{"start":{"line":114,"column":16},"end":{"line":114,"column":18}},"56":{"start":{"line":115,"column":14},"end":{"line":115,"column":16}},"57":{"start":{"line":116,"column":15},"end":{"line":116,"column":113}},"58":{"start":{"line":117,"column":3},"end":{"line":129,"column":4}},"59":{"start":{"line":118,"column":4},"end":{"line":118,"column":20}},"60":{"start":{"line":119,"column":4},"end":{"line":128,"column":5}},"61":{"start":{"line":120,"column":5},"end":{"line":120,"column":25}},"62":{"start":{"line":122,"column":5},"end":{"line":127,"column":6}},"63":{"start":{"line":123,"column":6},"end":{"line":123,"column":51}},"64":{"start":{"line":126,"column":6},"end":{"line":126,"column":48}},"65":{"start":{"line":130,"column":3},"end":{"line":132,"column":4}},"66":{"start":{"line":131,"column":4},"end":{"line":131,"column":32}},"67":{"start":{"line":133,"column":13},"end":{"line":133,"column":91}},"68":{"start":{"line":134,"column":3},"end":{"line":134,"column":32}},"69":{"start":{"line":137,"column":27},"end":{"line":137,"column":33}},"70":{"start":{"line":138,"column":3},"end":{"line":138,"column":32}},"71":{"start":{"line":139,"column":13},"end":{"line":139,"column":86}},"72":{"start":{"line":140,"column":3},"end":{"line":140,"column":32}},"73":{"start":{"line":143,"column":27},"end":{"line":143,"column":33}},"74":{"start":{"line":144,"column":3},"end":{"line":150,"column":4}},"75":{"start":{"line":145,"column":4},"end":{"line":145,"column":15}},"76":{"start":{"line":146,"column":4},"end":{"line":149,"column":7}},"77":{"start":{"line":151,"column":14},"end":{"line":151,"column":32}},"78":{"start":{"line":152,"column":3},"end":{"line":152,"column":31}},"79":{"start":{"line":153,"column":3},"end":{"line":153,"column":36}},"80":{"start":{"line":154,"column":3},"end":{"line":154,"column":34}},"81":{"start":{"line":155,"column":3},"end":{"line":155,"column":35}},"82":{"start":{"line":156,"column":3},"end":{"line":156,"column":14}},"83":{"start":{"line":157,"column":3},"end":{"line":157,"column":38}},"84":{"start":{"line":160,"column":3},"end":{"line":160,"column":37}},"85":{"start":{"line":164,"column":0},"end":{"line":212,"column":3}},"86":{"start":{"line":165,"column":1},"end":{"line":165,"column":42}},"87":{"start":{"line":166,"column":16},"end":{"line":166,"column":33}},"88":{"start":{"line":167,"column":16},"end":{"line":167,"column":33}},"89":{"start":{"line":168,"column":1},"end":{"line":172,"column":2}},"90":{"start":{"line":169,"column":2},"end":{"line":170,"column":36}},"91":{"start":{"line":171,"column":2},"end":{"line":171,"column":9}},"92":{"start":{"line":173,"column":1},"end":{"line":211,"column":5}},"93":{"start":{"line":175,"column":13},"end":{"line":175,"column":77}},"94":{"start":{"line":176,"column":3},"end":{"line":176,"column":32}},"95":{"start":{"line":179,"column":27},"end":{"line":179,"column":33}},"96":{"start":{"line":180,"column":3},"end":{"line":207,"column":4}},"97":{"start":{"line":181,"column":4},"end":{"line":181,"column":15}},"98":{"start":{"line":182,"column":4},"end":{"line":185,"column":7}},"99":{"start":{"line":188,"column":15},"end":{"line":188,"column":33}},"100":{"start":{"line":189,"column":4},"end":{"line":189,"column":33}},"101":{"start":{"line":190,"column":4},"end":{"line":206,"column":5}},"102":{"start":{"line":191,"column":5},"end":{"line":191,"column":16}},"103":{"start":{"line":192,"column":5},"end":{"line":195,"column":8}},"104":{"start":{"line":198,"column":5},"end":{"line":198,"column":26}},"105":{"start":{"line":199,"column":5},"end":{"line":199,"column":38}},"106":{"start":{"line":200,"column":5},"end":{"line":200,"column":16}},"107":{"start":{"line":201,"column":5},"end":{"line":205,"column":8}},"108":{"start":{"line":210,"column":3},"end":{"line":210,"column":37}},"109":{"start":{"line":214,"column":0},"end":{"line":255,"column":3}},"110":{"start":{"line":215,"column":1},"end":{"line":215,"column":42}},"111":{"start":{"line":216,"column":1},"end":{"line":224,"column":2}},"112":{"start":{"line":217,"column":2},"end":{"line":220,"column":4}},"113":{"start":{"line":221,"column":2},"end":{"line":221,"column":34}},"114":{"start":{"line":222,"column":2},"end":{"line":222,"column":37}},"115":{"start":{"line":223,"column":2},"end":{"line":223,"column":9}},"116":{"start":{"line":225,"column":13},"end":{"line":225,"column":27}},"117":{"start":{"line":227,"column":1},"end":{"line":254,"column":5}},"118":{"start":{"line":229,"column":13},"end":{"line":229,"column":71}},"119":{"start":{"line":230,"column":3},"end":{"line":230,"column":32}},"120":{"start":{"line":233,"column":27},"end":{"line":233,"column":33}},"121":{"start":{"line":234,"column":3},"end":{"line":250,"column":4}},"122":{"start":{"line":235,"column":4},"end":{"line":235,"column":15}},"123":{"start":{"line":236,"column":4},"end":{"line":239,"column":7}},"124":{"start":{"line":242,"column":15},"end":{"line":242,"column":33}},"125":{"start":{"line":243,"column":4},"end":{"line":243,"column":37}},"126":{"start":{"line":244,"column":4},"end":{"line":244,"column":15}},"127":{"start":{"line":245,"column":4},"end":{"line":249,"column":7}},"128":{"start":{"line":253,"column":3},"end":{"line":253,"column":37}},"129":{"start":{"line":257,"column":0},"end":{"line":277,"column":3}},"130":{"start":{"line":258,"column":1},"end":{"line":258,"column":42}},"131":{"start":{"line":259,"column":16},"end":{"line":262,"column":2}},"132":{"start":{"line":263,"column":1},"end":{"line":274,"column":2}},"133":{"start":{"line":264,"column":2},"end":{"line":264,"column":30}},"134":{"start":{"line":265,"column":2},"end":{"line":265,"column":40}},"135":{"start":{"line":268,"column":2},"end":{"line":271,"column":5}},"136":{"start":{"line":269,"column":3},"end":{"line":269,"column":37}},"137":{"start":{"line":270,"column":3},"end":{"line":270,"column":30}},"138":{"start":{"line":270,"column":12},"end":{"line":270,"column":30}},"139":{"start":{"line":272,"column":2},"end":{"line":272,"column":31}},"140":{"start":{"line":273,"column":2},"end":{"line":273,"column":32}},"141":{"start":{"line":275,"column":1},"end":{"line":275,"column":33}},"142":{"start":{"line":276,"column":1},"end":{"line":276,"column":36}},"143":{"start":{"line":279,"column":0},"end":{"line":343,"column":3}},"144":{"start":{"line":280,"column":1},"end":{"line":280,"column":43}},"145":{"start":{"line":281,"column":16},"end":{"line":284,"column":2}},"146":{"start":{"line":298,"column":1},"end":{"line":342,"column":5}},"147":{"start":{"line":300,"column":13},"end":{"line":300,"column":32}},"148":{"start":{"line":301,"column":13},"end":{"line":301,"column":15}},"149":{"start":{"line":302,"column":15},"end":{"line":307,"column":4}},"150":{"start":{"line":308,"column":3},"end":{"line":318,"column":4}},"151":{"start":{"line":309,"column":4},"end":{"line":315,"column":5}},"152":{"start":{"line":310,"column":5},"end":{"line":310,"column":33}},"153":{"start":{"line":311,"column":5},"end":{"line":311,"column":67}},"154":{"start":{"line":312,"column":5},"end":{"line":312,"column":40}},"155":{"start":{"line":313,"column":5},"end":{"line":313,"column":16}},"156":{"start":{"line":314,"column":5},"end":{"line":314,"column":51}},"157":{"start":{"line":316,"column":4},"end":{"line":317,"column":54}},"158":{"start":{"line":317,"column":5},"end":{"line":317,"column":54}},"159":{"start":{"line":319,"column":3},"end":{"line":319,"column":24}},"160":{"start":{"line":320,"column":3},"end":{"line":320,"column":47}},"161":{"start":{"line":321,"column":3},"end":{"line":321,"column":32}},"162":{"start":{"line":324,"column":27},"end":{"line":324,"column":33}},"163":{"start":{"line":325,"column":13},"end":{"line":325,"column":68}},"164":{"start":{"line":326,"column":3},"end":{"line":326,"column":32}},"165":{"start":{"line":329,"column":27},"end":{"line":329,"column":33}},"166":{"start":{"line":330,"column":3},"end":{"line":330,"column":41}},"167":{"start":{"line":331,"column":3},"end":{"line":331,"column":36}},"168":{"start":{"line":332,"column":3},"end":{"line":332,"column":48}},"169":{"start":{"line":333,"column":3},"end":{"line":333,"column":32}},"170":{"start":{"line":334,"column":3},"end":{"line":334,"column":26}},"171":{"start":{"line":335,"column":3},"end":{"line":335,"column":38}},"172":{"start":{"line":336,"column":3},"end":{"line":336,"column":14}},"173":{"start":{"line":337,"column":3},"end":{"line":337,"column":35}},"174":{"start":{"line":340,"column":3},"end":{"line":341,"column":47}},"175":{"start":{"line":341,"column":4},"end":{"line":341,"column":47}},"176":{"start":{"line":345,"column":0},"end":{"line":377,"column":3}},"177":{"start":{"line":346,"column":16},"end":{"line":349,"column":2}},"178":{"start":{"line":350,"column":16},"end":{"line":350,"column":33}},"179":{"start":{"line":351,"column":19},"end":{"line":351,"column":35}},"180":{"start":{"line":352,"column":1},"end":{"line":352,"column":26}},"181":{"start":{"line":353,"column":1},"end":{"line":363,"column":2}},"182":{"start":{"line":354,"column":2},"end":{"line":354,"column":30}},"183":{"start":{"line":355,"column":2},"end":{"line":355,"column":55}},"184":{"start":{"line":356,"column":2},"end":{"line":359,"column":4}},"185":{"start":{"line":360,"column":2},"end":{"line":360,"column":34}},"186":{"start":{"line":361,"column":2},"end":{"line":361,"column":37}},"187":{"start":{"line":362,"column":2},"end":{"line":362,"column":9}},"188":{"start":{"line":364,"column":1},"end":{"line":376,"column":5}},"189":{"start":{"line":366,"column":13},"end":{"line":366,"column":104}},"190":{"start":{"line":367,"column":3},"end":{"line":367,"column":32}},"191":{"start":{"line":370,"column":27},"end":{"line":370,"column":33}},"192":{"start":{"line":371,"column":3},"end":{"line":371,"column":32}},"193":{"start":{"line":372,"column":3},"end":{"line":372,"column":38}},"194":{"start":{"line":375,"column":3},"end":{"line":375,"column":46}},"195":{"start":{"line":379,"column":0},"end":{"line":410,"column":3}},"196":{"start":{"line":380,"column":16},"end":{"line":383,"column":2}},"197":{"start":{"line":384,"column":19},"end":{"line":384,"column":33}},"198":{"start":{"line":385,"column":1},"end":{"line":385,"column":26}},"199":{"start":{"line":386,"column":1},"end":{"line":409,"column":5}},"200":{"start":{"line":388,"column":13},"end":{"line":388,"column":63}},"201":{"start":{"line":389,"column":3},"end":{"line":389,"column":32}},"202":{"start":{"line":392,"column":27},"end":{"line":392,"column":33}},"203":{"start":{"line":393,"column":3},"end":{"line":402,"column":4}},"204":{"start":{"line":394,"column":4},"end":{"line":394,"column":32}},"205":{"start":{"line":395,"column":4},"end":{"line":395,"column":46}},"206":{"start":{"line":398,"column":4},"end":{"line":398,"column":33}},"207":{"start":{"line":399,"column":4},"end":{"line":399,"column":42}},"208":{"start":{"line":400,"column":15},"end":{"line":400,"column":33}},"209":{"start":{"line":401,"column":4},"end":{"line":401,"column":25}},"210":{"start":{"line":403,"column":3},"end":{"line":403,"column":25}},"211":{"start":{"line":404,"column":3},"end":{"line":404,"column":38}},"212":{"start":{"line":405,"column":3},"end":{"line":405,"column":14}},"213":{"start":{"line":408,"column":3},"end":{"line":408,"column":46}},"214":{"start":{"line":412,"column":0},"end":{"line":443,"column":3}},"215":{"start":{"line":413,"column":16},"end":{"line":416,"column":2}},"216":{"start":{"line":417,"column":19},"end":{"line":417,"column":33}},"217":{"start":{"line":418,"column":1},"end":{"line":418,"column":26}},"218":{"start":{"line":419,"column":1},"end":{"line":442,"column":5}},"219":{"start":{"line":421,"column":13},"end":{"line":421,"column":63}},"220":{"start":{"line":422,"column":3},"end":{"line":422,"column":32}},"221":{"start":{"line":425,"column":27},"end":{"line":425,"column":33}},"222":{"start":{"line":426,"column":3},"end":{"line":435,"column":4}},"223":{"start":{"line":427,"column":4},"end":{"line":427,"column":33}},"224":{"start":{"line":428,"column":4},"end":{"line":428,"column":46}},"225":{"start":{"line":431,"column":4},"end":{"line":431,"column":32}},"226":{"start":{"line":432,"column":4},"end":{"line":432,"column":42}},"227":{"start":{"line":433,"column":15},"end":{"line":433,"column":33}},"228":{"start":{"line":434,"column":4},"end":{"line":434,"column":25}},"229":{"start":{"line":436,"column":3},"end":{"line":436,"column":25}},"230":{"start":{"line":437,"column":3},"end":{"line":437,"column":38}},"231":{"start":{"line":438,"column":3},"end":{"line":438,"column":14}},"232":{"start":{"line":441,"column":3},"end":{"line":441,"column":46}},"233":{"start":{"line":445,"column":0},"end":{"line":477,"column":3}},"234":{"start":{"line":446,"column":16},"end":{"line":449,"column":2}},"235":{"start":{"line":450,"column":14},"end":{"line":450,"column":29}},"236":{"start":{"line":451,"column":19},"end":{"line":451,"column":36}},"237":{"start":{"line":452,"column":1},"end":{"line":462,"column":2}},"238":{"start":{"line":453,"column":2},"end":{"line":453,"column":30}},"239":{"start":{"line":454,"column":2},"end":{"line":454,"column":55}},"240":{"start":{"line":455,"column":2},"end":{"line":458,"column":4}},"241":{"start":{"line":459,"column":2},"end":{"line":459,"column":34}},"242":{"start":{"line":460,"column":2},"end":{"line":460,"column":37}},"243":{"start":{"line":461,"column":2},"end":{"line":461,"column":9}},"244":{"start":{"line":463,"column":1},"end":{"line":476,"column":5}},"245":{"start":{"line":465,"column":13},"end":{"line":465,"column":87}},"246":{"start":{"line":466,"column":3},"end":{"line":466,"column":32}},"247":{"start":{"line":469,"column":27},"end":{"line":469,"column":33}},"248":{"start":{"line":470,"column":3},"end":{"line":470,"column":32}},"249":{"start":{"line":471,"column":3},"end":{"line":471,"column":38}},"250":{"start":{"line":472,"column":3},"end":{"line":472,"column":14}},"251":{"start":{"line":475,"column":3},"end":{"line":475,"column":46}},"252":{"start":{"line":480,"column":0},"end":{"line":524,"column":3}},"253":{"start":{"line":481,"column":16},"end":{"line":484,"column":2}},"254":{"start":{"line":485,"column":14},"end":{"line":485,"column":29}},"255":{"start":{"line":486,"column":22},"end":{"line":486,"column":45}},"256":{"start":{"line":487,"column":22},"end":{"line":487,"column":45}},"257":{"start":{"line":488,"column":21},"end":{"line":488,"column":43}},"258":{"start":{"line":489,"column":21},"end":{"line":489,"column":43}},"259":{"start":{"line":491,"column":1},"end":{"line":509,"column":2}},"260":{"start":{"line":492,"column":2},"end":{"line":492,"column":55}},"261":{"start":{"line":493,"column":2},"end":{"line":496,"column":4}},"262":{"start":{"line":497,"column":2},"end":{"line":497,"column":34}},"263":{"start":{"line":498,"column":2},"end":{"line":498,"column":37}},"264":{"start":{"line":499,"column":2},"end":{"line":499,"column":9}},"265":{"start":{"line":500,"column":8},"end":{"line":509,"column":2}},"266":{"start":{"line":501,"column":2},"end":{"line":501,"column":55}},"267":{"start":{"line":502,"column":2},"end":{"line":505,"column":4}},"268":{"start":{"line":506,"column":2},"end":{"line":506,"column":34}},"269":{"start":{"line":507,"column":2},"end":{"line":507,"column":37}},"270":{"start":{"line":508,"column":2},"end":{"line":508,"column":9}},"271":{"start":{"line":510,"column":1},"end":{"line":523,"column":5}},"272":{"start":{"line":512,"column":13},"end":{"line":512,"column":87}},"273":{"start":{"line":513,"column":3},"end":{"line":513,"column":32}},"274":{"start":{"line":516,"column":27},"end":{"line":516,"column":33}},"275":{"start":{"line":517,"column":3},"end":{"line":517,"column":32}},"276":{"start":{"line":518,"column":3},"end":{"line":518,"column":38}},"277":{"start":{"line":519,"column":3},"end":{"line":519,"column":14}},"278":{"start":{"line":522,"column":3},"end":{"line":522,"column":46}},"279":{"start":{"line":527,"column":14},"end":{"line":527,"column":52}},"280":{"start":{"line":528,"column":14},"end":{"line":528,"column":27}},"281":{"start":{"line":529,"column":11},"end":{"line":529,"column":13}},"282":{"start":{"line":530,"column":1},"end":{"line":532,"column":2}},"283":{"start":{"line":531,"column":2},"end":{"line":531,"column":59}},"284":{"start":{"line":533,"column":1},"end":{"line":533,"column":12}},"285":{"start":{"line":536,"column":0},"end":{"line":536,"column":24}}},"fnMap":{"0":{"name":"updateSession","decl":{"start":{"line":19,"column":9},"end":{"line":19,"column":22}},"loc":{"start":{"line":19,"column":38},"end":{"line":31,"column":1}},"line":19},"1":{"name":"(anonymous_1)","decl":{"start":{"line":33,"column":23},"end":{"line":33,"column":24}},"loc":{"start":{"line":33,"column":49},"end":{"line":39,"column":1}},"line":33},"2":{"name":"(anonymous_2)","decl":{"start":{"line":41,"column":29},"end":{"line":41,"column":30}},"loc":{"start":{"line":41,"column":55},"end":{"line":69,"column":1}},"line":41},"3":{"name":"(anonymous_3)","decl":{"start":{"line":59,"column":7},"end":{"line":59,"column":8}},"loc":{"start":{"line":59,"column":13},"end":{"line":65,"column":3}},"line":59},"4":{"name":"(anonymous_4)","decl":{"start":{"line":66,"column":8},"end":{"line":66,"column":9}},"loc":{"start":{"line":66,"column":17},"end":{"line":68,"column":3}},"line":66},"5":{"name":"(anonymous_5)","decl":{"start":{"line":71,"column":25},"end":{"line":71,"column":26}},"loc":{"start":{"line":71,"column":51},"end":{"line":162,"column":1}},"line":71},"6":{"name":"(anonymous_6)","decl":{"start":{"line":100,"column":7},"end":{"line":100,"column":8}},"loc":{"start":{"line":100,"column":23},"end":{"line":103,"column":3}},"line":100},"7":{"name":"(anonymous_7)","decl":{"start":{"line":104,"column":7},"end":{"line":104,"column":8}},"loc":{"start":{"line":104,"column":25},"end":{"line":135,"column":3}},"line":104},"8":{"name":"(anonymous_8)","decl":{"start":{"line":136,"column":7},"end":{"line":136,"column":8}},"loc":{"start":{"line":136,"column":25},"end":{"line":141,"column":3}},"line":136},"9":{"name":"(anonymous_9)","decl":{"start":{"line":142,"column":7},"end":{"line":142,"column":8}},"loc":{"start":{"line":142,"column":25},"end":{"line":158,"column":3}},"line":142},"10":{"name":"(anonymous_10)","decl":{"start":{"line":159,"column":8},"end":{"line":159,"column":9}},"loc":{"start":{"line":159,"column":27},"end":{"line":161,"column":3}},"line":159},"11":{"name":"(anonymous_11)","decl":{"start":{"line":164,"column":22},"end":{"line":164,"column":23}},"loc":{"start":{"line":164,"column":48},"end":{"line":212,"column":1}},"line":164},"12":{"name":"(anonymous_12)","decl":{"start":{"line":174,"column":7},"end":{"line":174,"column":8}},"loc":{"start":{"line":174,"column":23},"end":{"line":177,"column":3}},"line":174},"13":{"name":"(anonymous_13)","decl":{"start":{"line":178,"column":7},"end":{"line":178,"column":8}},"loc":{"start":{"line":178,"column":25},"end":{"line":208,"column":3}},"line":178},"14":{"name":"(anonymous_14)","decl":{"start":{"line":209,"column":8},"end":{"line":209,"column":9}},"loc":{"start":{"line":209,"column":27},"end":{"line":211,"column":3}},"line":209},"15":{"name":"(anonymous_15)","decl":{"start":{"line":214,"column":29},"end":{"line":214,"column":30}},"loc":{"start":{"line":214,"column":55},"end":{"line":255,"column":1}},"line":214},"16":{"name":"(anonymous_16)","decl":{"start":{"line":228,"column":7},"end":{"line":228,"column":8}},"loc":{"start":{"line":228,"column":23},"end":{"line":231,"column":3}},"line":228},"17":{"name":"(anonymous_17)","decl":{"start":{"line":232,"column":7},"end":{"line":232,"column":8}},"loc":{"start":{"line":232,"column":25},"end":{"line":251,"column":3}},"line":232},"18":{"name":"(anonymous_18)","decl":{"start":{"line":252,"column":8},"end":{"line":252,"column":9}},"loc":{"start":{"line":252,"column":27},"end":{"line":254,"column":3}},"line":252},"19":{"name":"(anonymous_19)","decl":{"start":{"line":257,"column":22},"end":{"line":257,"column":23}},"loc":{"start":{"line":257,"column":48},"end":{"line":277,"column":1}},"line":257},"20":{"name":"(anonymous_20)","decl":{"start":{"line":268,"column":22},"end":{"line":268,"column":23}},"loc":{"start":{"line":268,"column":31},"end":{"line":271,"column":3}},"line":268},"21":{"name":"(anonymous_21)","decl":{"start":{"line":279,"column":23},"end":{"line":279,"column":24}},"loc":{"start":{"line":279,"column":49},"end":{"line":343,"column":1}},"line":279},"22":{"name":"(anonymous_22)","decl":{"start":{"line":299,"column":7},"end":{"line":299,"column":8}},"loc":{"start":{"line":299,"column":23},"end":{"line":322,"column":3}},"line":299},"23":{"name":"(anonymous_23)","decl":{"start":{"line":323,"column":7},"end":{"line":323,"column":8}},"loc":{"start":{"line":323,"column":25},"end":{"line":327,"column":3}},"line":323},"24":{"name":"(anonymous_24)","decl":{"start":{"line":328,"column":7},"end":{"line":328,"column":8}},"loc":{"start":{"line":328,"column":25},"end":{"line":338,"column":3}},"line":328},"25":{"name":"(anonymous_25)","decl":{"start":{"line":339,"column":8},"end":{"line":339,"column":9}},"loc":{"start":{"line":339,"column":27},"end":{"line":342,"column":3}},"line":339},"26":{"name":"(anonymous_26)","decl":{"start":{"line":345,"column":31},"end":{"line":345,"column":32}},"loc":{"start":{"line":345,"column":57},"end":{"line":377,"column":1}},"line":345},"27":{"name":"(anonymous_27)","decl":{"start":{"line":365,"column":7},"end":{"line":365,"column":8}},"loc":{"start":{"line":365,"column":23},"end":{"line":368,"column":3}},"line":365},"28":{"name":"(anonymous_28)","decl":{"start":{"line":369,"column":7},"end":{"line":369,"column":8}},"loc":{"start":{"line":369,"column":25},"end":{"line":373,"column":3}},"line":369},"29":{"name":"(anonymous_29)","decl":{"start":{"line":374,"column":8},"end":{"line":374,"column":9}},"loc":{"start":{"line":374,"column":27},"end":{"line":376,"column":3}},"line":374},"30":{"name":"(anonymous_30)","decl":{"start":{"line":379,"column":27},"end":{"line":379,"column":28}},"loc":{"start":{"line":379,"column":53},"end":{"line":410,"column":1}},"line":379},"31":{"name":"(anonymous_31)","decl":{"start":{"line":387,"column":7},"end":{"line":387,"column":8}},"loc":{"start":{"line":387,"column":23},"end":{"line":390,"column":3}},"line":387},"32":{"name":"(anonymous_32)","decl":{"start":{"line":391,"column":7},"end":{"line":391,"column":8}},"loc":{"start":{"line":391,"column":25},"end":{"line":406,"column":3}},"line":391},"33":{"name":"(anonymous_33)","decl":{"start":{"line":407,"column":8},"end":{"line":407,"column":9}},"loc":{"start":{"line":407,"column":27},"end":{"line":409,"column":3}},"line":407},"34":{"name":"(anonymous_34)","decl":{"start":{"line":412,"column":32},"end":{"line":412,"column":33}},"loc":{"start":{"line":412,"column":58},"end":{"line":443,"column":1}},"line":412},"35":{"name":"(anonymous_35)","decl":{"start":{"line":420,"column":7},"end":{"line":420,"column":8}},"loc":{"start":{"line":420,"column":23},"end":{"line":423,"column":3}},"line":420},"36":{"name":"(anonymous_36)","decl":{"start":{"line":424,"column":7},"end":{"line":424,"column":8}},"loc":{"start":{"line":424,"column":25},"end":{"line":439,"column":3}},"line":424},"37":{"name":"(anonymous_37)","decl":{"start":{"line":440,"column":8},"end":{"line":440,"column":9}},"loc":{"start":{"line":440,"column":27},"end":{"line":442,"column":3}},"line":440},"38":{"name":"(anonymous_38)","decl":{"start":{"line":445,"column":31},"end":{"line":445,"column":32}},"loc":{"start":{"line":445,"column":57},"end":{"line":477,"column":1}},"line":445},"39":{"name":"(anonymous_39)","decl":{"start":{"line":464,"column":7},"end":{"line":464,"column":8}},"loc":{"start":{"line":464,"column":23},"end":{"line":467,"column":3}},"line":464},"40":{"name":"(anonymous_40)","decl":{"start":{"line":468,"column":7},"end":{"line":468,"column":8}},"loc":{"start":{"line":468,"column":25},"end":{"line":473,"column":3}},"line":468},"41":{"name":"(anonymous_41)","decl":{"start":{"line":474,"column":8},"end":{"line":474,"column":9}},"loc":{"start":{"line":474,"column":27},"end":{"line":476,"column":3}},"line":474},"42":{"name":"(anonymous_42)","decl":{"start":{"line":480,"column":28},"end":{"line":480,"column":29}},"loc":{"start":{"line":480,"column":54},"end":{"line":524,"column":1}},"line":480},"43":{"name":"(anonymous_43)","decl":{"start":{"line":511,"column":7},"end":{"line":511,"column":8}},"loc":{"start":{"line":511,"column":23},"end":{"line":514,"column":3}},"line":511},"44":{"name":"(anonymous_44)","decl":{"start":{"line":515,"column":7},"end":{"line":515,"column":8}},"loc":{"start":{"line":515,"column":25},"end":{"line":520,"column":3}},"line":515},"45":{"name":"(anonymous_45)","decl":{"start":{"line":521,"column":8},"end":{"line":521,"column":9}},"loc":{"start":{"line":521,"column":27},"end":{"line":523,"column":3}},"line":521},"46":{"name":"randomString","decl":{"start":{"line":526,"column":9},"end":{"line":526,"column":21}},"loc":{"start":{"line":526,"column":27},"end":{"line":534,"column":1}},"line":526}},"branchMap":{"0":{"loc":{"start":{"line":74,"column":1},"end":{"line":82,"column":2}},"type":"if","locations":[{"start":{"line":74,"column":1},"end":{"line":82,"column":2}},{"start":{"line":74,"column":1},"end":{"line":82,"column":2}}],"line":74},"1":{"loc":{"start":{"line":106,"column":3},"end":{"line":112,"column":4}},"type":"if","locations":[{"start":{"line":106,"column":3},"end":{"line":112,"column":4}},{"start":{"line":106,"column":3},"end":{"line":112,"column":4}}],"line":106},"2":{"loc":{"start":{"line":119,"column":4},"end":{"line":128,"column":5}},"type":"if","locations":[{"start":{"line":119,"column":4},"end":{"line":128,"column":5}},{"start":{"line":119,"column":4},"end":{"line":128,"column":5}}],"line":119},"3":{"loc":{"start":{"line":119,"column":8},"end":{"line":119,"column":88}},"type":"binary-expr","locations":[{"start":{"line":119,"column":8},"end":{"line":119,"column":36}},{"start":{"line":119,"column":40},"end":{"line":119,"column":63}},{"start":{"line":119,"column":67},"end":{"line":119,"column":88}}],"line":119},"4":{"loc":{"start":{"line":122,"column":5},"end":{"line":127,"column":6}},"type":"if","locations":[{"start":{"line":122,"column":5},"end":{"line":127,"column":6}},{"start":{"line":122,"column":5},"end":{"line":127,"column":6}}],"line":122},"5":{"loc":{"start":{"line":144,"column":3},"end":{"line":150,"column":4}},"type":"if","locations":[{"start":{"line":144,"column":3},"end":{"line":150,"column":4}},{"start":{"line":144,"column":3},"end":{"line":150,"column":4}}],"line":144},"6":{"loc":{"start":{"line":168,"column":1},"end":{"line":172,"column":2}},"type":"if","locations":[{"start":{"line":168,"column":1},"end":{"line":172,"column":2}},{"start":{"line":168,"column":1},"end":{"line":172,"column":2}}],"line":168},"7":{"loc":{"start":{"line":168,"column":5},"end":{"line":168,"column":73}},"type":"binary-expr","locations":[{"start":{"line":168,"column":5},"end":{"line":168,"column":37}},{"start":{"line":168,"column":41},"end":{"line":168,"column":73}}],"line":168},"8":{"loc":{"start":{"line":180,"column":3},"end":{"line":207,"column":4}},"type":"if","locations":[{"start":{"line":180,"column":3},"end":{"line":207,"column":4}},{"start":{"line":180,"column":3},"end":{"line":207,"column":4}}],"line":180},"9":{"loc":{"start":{"line":190,"column":4},"end":{"line":206,"column":5}},"type":"if","locations":[{"start":{"line":190,"column":4},"end":{"line":206,"column":5}},{"start":{"line":190,"column":4},"end":{"line":206,"column":5}}],"line":190},"10":{"loc":{"start":{"line":216,"column":1},"end":{"line":224,"column":2}},"type":"if","locations":[{"start":{"line":216,"column":1},"end":{"line":224,"column":2}},{"start":{"line":216,"column":1},"end":{"line":224,"column":2}}],"line":216},"11":{"loc":{"start":{"line":234,"column":3},"end":{"line":250,"column":4}},"type":"if","locations":[{"start":{"line":234,"column":3},"end":{"line":250,"column":4}},{"start":{"line":234,"column":3},"end":{"line":250,"column":4}}],"line":234},"12":{"loc":{"start":{"line":263,"column":1},"end":{"line":274,"column":2}},"type":"if","locations":[{"start":{"line":263,"column":1},"end":{"line":274,"column":2}},{"start":{"line":263,"column":1},"end":{"line":274,"column":2}}],"line":263},"13":{"loc":{"start":{"line":270,"column":3},"end":{"line":270,"column":30}},"type":"if","locations":[{"start":{"line":270,"column":3},"end":{"line":270,"column":30}},{"start":{"line":270,"column":3},"end":{"line":270,"column":30}}],"line":270},"14":{"loc":{"start":{"line":309,"column":4},"end":{"line":315,"column":5}},"type":"if","locations":[{"start":{"line":309,"column":4},"end":{"line":315,"column":5}},{"start":{"line":309,"column":4},"end":{"line":315,"column":5}}],"line":309},"15":{"loc":{"start":{"line":316,"column":4},"end":{"line":317,"column":54}},"type":"if","locations":[{"start":{"line":316,"column":4},"end":{"line":317,"column":54}},{"start":{"line":316,"column":4},"end":{"line":317,"column":54}}],"line":316},"16":{"loc":{"start":{"line":340,"column":3},"end":{"line":341,"column":47}},"type":"if","locations":[{"start":{"line":340,"column":3},"end":{"line":341,"column":47}},{"start":{"line":340,"column":3},"end":{"line":341,"column":47}}],"line":340},"17":{"loc":{"start":{"line":353,"column":1},"end":{"line":363,"column":2}},"type":"if","locations":[{"start":{"line":353,"column":1},"end":{"line":363,"column":2}},{"start":{"line":353,"column":1},"end":{"line":363,"column":2}}],"line":353},"18":{"loc":{"start":{"line":393,"column":3},"end":{"line":402,"column":4}},"type":"if","locations":[{"start":{"line":393,"column":3},"end":{"line":402,"column":4}},{"start":{"line":393,"column":3},"end":{"line":402,"column":4}}],"line":393},"19":{"loc":{"start":{"line":426,"column":3},"end":{"line":435,"column":4}},"type":"if","locations":[{"start":{"line":426,"column":3},"end":{"line":435,"column":4}},{"start":{"line":426,"column":3},"end":{"line":435,"column":4}}],"line":426},"20":{"loc":{"start":{"line":452,"column":1},"end":{"line":462,"column":2}},"type":"if","locations":[{"start":{"line":452,"column":1},"end":{"line":462,"column":2}},{"start":{"line":452,"column":1},"end":{"line":462,"column":2}}],"line":452},"21":{"loc":{"start":{"line":491,"column":1},"end":{"line":509,"column":2}},"type":"if","locations":[{"start":{"line":491,"column":1},"end":{"line":509,"column":2}},{"start":{"line":491,"column":1},"end":{"line":509,"column":2}}],"line":491},"22":{"loc":{"start":{"line":500,"column":8},"end":{"line":509,"column":2}},"type":"if","locations":[{"start":{"line":500,"column":8},"end":{"line":509,"column":2}},{"start":{"line":500,"column":8},"end":{"line":509,"column":2}}],"line":500}},"s":{"0":1,"1":1,"2":1,"3":1,"4":1,"5":1,"6":1,"7":1,"8":1,"9":1,"10":1,"11":1,"12":1,"13":17,"14":17,"15":17,"16":17,"17":17,"18":17,"19":17,"20":17,"21":1,"22":2,"23":2,"24":2,"25":2,"26":2,"27":1,"28":0,"29":0,"30":0,"31":0,"32":0,"33":0,"34":0,"35":0,"36":0,"37":0,"38":0,"39":0,"40":1,"41":11,"42":11,"43":11,"44":1,"45":1,"46":1,"47":1,"48":10,"49":10,"50":10,"51":10,"52":10,"53":1,"54":1,"55":9,"56":9,"57":9,"58":9,"59":81,"60":81,"61":21,"62":60,"63":0,"64":60,"65":9,"66":81,"67":9,"68":9,"69":6,"70":6,"71":6,"72":6,"73":6,"74":6,"75":0,"76":0,"77":6,"78":6,"79":6,"80":6,"81":6,"82":6,"83":6,"84":4,"85":1,"86":13,"87":13,"88":13,"89":13,"90":1,"91":1,"92":12,"93":12,"94":12,"95":12,"96":12,"97":1,"98":1,"99":11,"100":11,"101":11,"102":1,"103":1,"104":10,"105":10,"106":10,"107":10,"108":2,"109":1,"110":0,"111":0,"112":0,"113":0,"114":0,"115":0,"116":0,"117":0,"118":0,"119":0,"120":0,"121":0,"122":0,"123":0,"124":0,"125":0,"126":0,"127":0,"128":0,"129":1,"130":25,"131":25,"132":25,"133":10,"134":10,"135":15,"136":15,"137":15,"138":0,"139":15,"140":15,"141":25,"142":25,"143":1,"144":2,"145":2,"146":2,"147":2,"148":2,"149":2,"150":2,"151":8,"152":0,"153":0,"154":0,"155":0,"156":0,"157":8,"158":2,"159":2,"160":2,"161":2,"162":1,"163":1,"164":1,"165":1,"166":1,"167":1,"168":1,"169":1,"170":1,"171":1,"172":1,"173":1,"174":1,"175":1,"176":1,"177":0,"178":0,"179":0,"180":0,"181":0,"182":0,"183":0,"184":0,"185":0,"186":0,"187":0,"188":0,"189":0,"190":0,"191":0,"192":0,"193":0,"194":0,"195":1,"196":0,"197":0,"198":0,"199":0,"200":0,"201":0,"202":0,"203":0,"204":0,"205":0,"206":0,"207":0,"208":0,"209":0,"210":0,"211":0,"212":0,"213":0,"214":1,"215":0,"216":0,"217":0,"218":0,"219":0,"220":0,"221":0,"222":0,"223":0,"224":0,"225":0,"226":0,"227":0,"228":0,"229":0,"230":0,"231":0,"232":0,"233":1,"234":0,"235":0,"236":0,"237":0,"238":0,"239":0,"240":0,"241":0,"242":0,"243":0,"244":0,"245":0,"246":0,"247":0,"248":0,"249":0,"250":0,"251":0,"252":1,"253":0,"254":0,"255":0,"256":0,"257":0,"258":0,"259":0,"260":0,"261":0,"262":0,"263":0,"264":0,"265":0,"266":0,"267":0,"268":0,"269":0,"270":0,"271":0,"272":0,"273":0,"274":0,"275":0,"276":0,"277":0,"278":0,"279":0,"280":0,"281":0,"282":0,"283":0,"284":0,"285":1},"f":{"0":17,"1":2,"2":0,"3":0,"4":0,"5":11,"6":10,"7":10,"8":6,"9":6,"10":4,"11":13,"12":12,"13":12,"14":2,"15":0,"16":0,"17":0,"18":0,"19":25,"20":15,"21":2,"22":2,"23":1,"24":1,"25":1,"26":0,"27":0,"28":0,"29":0,"30":0,"31":0,"32":0,"33":0,"34":0,"35":0,"36":0,"37":0,"38":0,"39":0,"40":0,"41":0,"42":0,"43":0,"44":0,"45":0,"46":0},"b":{"0":[1,10],"1":[1,9],"2":[21,60],"3":[81,60,60],"4":[0,60],"5":[0,6],"6":[1,12],"7":[13,12],"8":[1,11],"9":[1,10],"10":[0,0],"11":[0,0],"12":[10,15],"13":[0,15],"14":[0,8],"15":[2,6],"16":[1,0],"17":[0,0],"18":[0,0],"19":[0,0],"20":[0,0],"21":[0,0],"22":[0,0]},"_coverageSchema":"d34fc3e6b8297bcde183f5492bcb8fcb36775295","hash":"259b6e7cc20b040d4e6b6eea5f672e2512f0b786","contentHash":"c8fc4bec4c95bcef696d4e084f30a7f6"},"/Users/lixiao/tmp/AwesomeCoding/backend/routes/class.js":{"path":"/Users/lixiao/tmp/AwesomeCoding/backend/routes/class.js","statementMap":{"0":{"start":{"line":1,"column":14},"end":{"line":1,"column":32}},"1":{"start":{"line":2,"column":13},"end":{"line":2,"column":29}},"2":{"start":{"line":3,"column":12},"end":{"line":3,"column":28}},"3":{"start":{"line":4,"column":11},"end":{"line":4,"column":31}},"4":{"start":{"line":5,"column":9},"end":{"line":5,"column":22}},"5":{"start":{"line":7,"column":17},"end":{"line":7,"column":53}},"6":{"start":{"line":8,"column":20},"end":{"line":8,"column":59}},"7":{"start":{"line":9,"column":27},"end":{"line":9,"column":73}},"8":{"start":{"line":10,"column":19},"end":{"line":10,"column":57}},"9":{"start":{"line":11,"column":26},"end":{"line":11,"column":72}},"10":{"start":{"line":12,"column":22},"end":{"line":12,"column":63}},"11":{"start":{"line":14,"column":13},"end":{"line":14,"column":30}},"12":{"start":{"line":15,"column":20},"end":{"line":15,"column":76}},"13":{"start":{"line":16,"column":0},"end":{"line":16,"column":32}},"14":{"start":{"line":17,"column":13},"end":{"line":17,"column":42}},"15":{"start":{"line":18,"column":11},"end":{"li
[...]
":{"line":148,"column":34}},"80":{"start":{"line":149,"column":13},"end":{"line":151,"column":61}},"81":{"start":{"line":152,"column":3},"end":{"line":152,"column":32}},"82":{"start":{"line":155,"column":27},"end":{"line":155,"column":33}},"83":{"start":{"line":156,"column":3},"end":{"line":159,"column":6}},"84":{"start":{"line":160,"column":3},"end":{"line":160,"column":46}},"85":{"start":{"line":161,"column":3},"end":{"line":161,"column":14}},"86":{"start":{"line":164,"column":3},"end":{"line":164,"column":27}},"87":{"start":{"line":165,"column":3},"end":{"line":165,"column":17}},"88":{"start":{"line":175,"column":0},"end":{"line":208,"column":3}},"89":{"start":{"line":176,"column":11},"end":{"line":176,"column":21}},"90":{"start":{"line":177,"column":14},"end":{"line":177,"column":41}},"91":{"start":{"line":183,"column":16},"end":{"line":183,"column":83}},"92":{"start":{"line":184,"column":16},"end":{"line":184,"column":63}},"93":{"start":{"line":185,"column":17},"end":{"line":185,"column":44}},"94":{"start":{"line":186,"column":1},"end":{"line":207,"column":4}},"95":{"start":{"line":187,"column":2},"end":{"line":192,"column":3}},"96":{"start":{"line":188,"column":3},"end":{"line":188,"column":21}},"97":{"start":{"line":189,"column":3},"end":{"line":190,"column":14}},"98":{"start":{"line":191,"column":3},"end":{"line":191,"column":10}},"99":{"start":{"line":193,"column":2},"end":{"line":206,"column":5}},"100":{"start":{"line":194,"column":3},"end":{"line":199,"column":4}},"101":{"start":{"line":195,"column":4},"end":{"line":195,"column":22}},"102":{"start":{"line":196,"column":4},"end":{"line":197,"column":15}},"103":{"start":{"line":198,"column":4},"end":{"line":198,"column":11}},"104":{"start":{"line":200,"column":3},"end":{"line":200,"column":37}},"105":{"start":{"line":201,"column":3},"end":{"line":205,"column":6}},"106":{"start":{"line":217,"column":0},"end":{"line":246,"column":3}},"107":{"start":{"line":218,"column":11},"end":{"line":218,"column":21}},"108":{"start":{"line":219,"column":14},"end":{"line":219,"column":50}},"109":{"start":{"line":220,"column":16},"end":{"line":220,"column":82}},"110":{"start":{"line":221,"column":16},"end":{"line":221,"column":61}},"111":{"start":{"line":222,"column":17},"end":{"line":222,"column":42}},"112":{"start":{"line":224,"column":1},"end":{"line":245,"column":4}},"113":{"start":{"line":225,"column":2},"end":{"line":230,"column":3}},"114":{"start":{"line":226,"column":3},"end":{"line":226,"column":21}},"115":{"start":{"line":227,"column":3},"end":{"line":228,"column":14}},"116":{"start":{"line":229,"column":3},"end":{"line":229,"column":10}},"117":{"start":{"line":231,"column":2},"end":{"line":244,"column":5}},"118":{"start":{"line":232,"column":3},"end":{"line":237,"column":4}},"119":{"start":{"line":233,"column":4},"end":{"line":233,"column":22}},"120":{"start":{"line":234,"column":4},"end":{"line":235,"column":15}},"121":{"start":{"line":236,"column":4},"end":{"line":236,"column":11}},"122":{"start":{"line":238,"column":3},"end":{"line":238,"column":37}},"123":{"start":{"line":239,"column":3},"end":{"line":243,"column":6}},"124":{"start":{"line":248,"column":0},"end":{"line":284,"column":3}},"125":{"start":{"line":249,"column":1},"end":{"line":249,"column":49}},"126":{"start":{"line":250,"column":1},"end":{"line":283,"column":5}},"127":{"start":{"line":252,"column":3},"end":{"line":252,"column":31}},"128":{"start":{"line":253,"column":3},"end":{"line":276,"column":4}},"129":{"start":{"line":254,"column":4},"end":{"line":257,"column":7}},"130":{"start":{"line":260,"column":4},"end":{"line":275,"column":8}},"131":{"start":{"line":262,"column":16},"end":{"line":262,"column":114}},"132":{"start":{"line":263,"column":6},"end":{"line":263,"column":34}},"133":{"start":{"line":264,"column":6},"end":{"line":264,"column":35}},"134":{"start":{"line":267,"column":30},"end":{"line":267,"column":36}},"135":{"start":{"line":268,"column":6},"end":{"line":268,"column":53}},"136":{"start":{"line":269,"column":6},"end":{"line":269,"column":39}},"137":{"start":{"line":270,"column":6},"end":{"line":270,"column":17}},"138":{"start":{"line":273,"column":6},"end":{"line":273,"column":58}},"139":{"start":{"line":274,"column":6},"end":{"line":274,"column":16}},"140":{"start":{"line":279,"column":3},"end":{"line":282,"column":6}},"141":{"start":{"line":286,"column":0},"end":{"line":328,"column":3}},"142":{"start":{"line":287,"column":1},"end":{"line":287,"column":46}},"143":{"start":{"line":288,"column":1},"end":{"line":327,"column":5}},"144":{"start":{"line":290,"column":3},"end":{"line":290,"column":31}},"145":{"start":{"line":291,"column":3},"end":{"line":320,"column":4}},"146":{"start":{"line":292,"column":4},"end":{"line":295,"column":7}},"147":{"start":{"line":298,"column":4},"end":{"line":298,"column":37}},"148":{"start":{"line":300,"column":4},"end":{"line":319,"column":8}},"149":{"start":{"line":302,"column":16},"end":{"line":303,"column":82}},"150":{"start":{"line":304,"column":6},"end":{"line":304,"column":34}},"151":{"start":{"line":305,"column":6},"end":{"line":305,"column":35}},"152":{"start":{"line":308,"column":30},"end":{"line":308,"column":36}},"153":{"start":{"line":311,"column":6},"end":{"line":317,"column":7}},"154":{"start":{"line":312,"column":21},"end":{"line":312,"column":43}},"155":{"start":{"line":313,"column":7},"end":{"line":316,"column":8}},"156":{"start":{"line":314,"column":8},"end":{"line":314,"column":43}},"157":{"start":{"line":315,"column":8},"end":{"line":315,"column":40}},"158":{"start":{"line":318,"column":6},"end":{"line":318,"column":17}},"159":{"start":{"line":323,"column":3},"end":{"line":326,"column":6}},"160":{"start":{"line":330,"column":0},"end":{"line":370,"column":3}},"161":{"start":{"line":331,"column":1},"end":{"line":331,"column":46}},"162":{"start":{"line":332,"column":1},"end":{"line":369,"column":5}},"163":{"start":{"line":334,"column":3},"end":{"line":334,"column":31}},"164":{"start":{"line":335,"column":3},"end":{"line":362,"column":4}},"165":{"start":{"line":336,"column":4},"end":{"line":339,"column":7}},"166":{"start":{"line":342,"column":4},"end":{"line":342,"column":37}},"167":{"start":{"line":344,"column":4},"end":{"line":361,"column":8}},"168":{"start":{"line":346,"column":16},"end":{"line":347,"column":82}},"169":{"start":{"line":348,"column":6},"end":{"line":348,"column":34}},"170":{"start":{"line":349,"column":6},"end":{"line":349,"column":35}},"171":{"start":{"line":352,"column":30},"end":{"line":352,"column":36}},"172":{"start":{"line":353,"column":6},"end":{"line":359,"column":7}},"173":{"start":{"line":354,"column":21},"end":{"line":354,"column":43}},"174":{"start":{"line":355,"column":7},"end":{"line":358,"column":8}},"175":{"start":{"line":356,"column":8},"end":{"line":356,"column":43}},"176":{"start":{"line":357,"column":8},"end":{"line":357,"column":40}},"177":{"start":{"line":360,"column":6},"end":{"line":360,"column":17}},"178":{"start":{"line":365,"column":3},"end":{"line":368,"column":6}},"179":{"start":{"line":372,"column":0},"end":{"line":372,"column":24}}},"fnMap":{"0":{"name":"(anonymous_0)","decl":{"start":{"line":22,"column":11},"end":{"line":22,"column":12}},"loc":{"start":{"line":22,"column":37},"end":{"line":32,"column":1}},"line":22},"1":{"name":"(anonymous_1)","decl":{"start":{"line":38,"column":11},"end":{"line":38,"column":12}},"loc":{"start":{"line":38,"column":37},"end":{"line":48,"column":1}},"line":38},"2":{"name":"(anonymous_2)","decl":{"start":{"line":55,"column":37},"end":{"line":55,"column":38}},"loc":{"start":{"line":55,"column":57},"end":{"line":100,"column":1}},"line":55},"3":{"name":"(anonymous_3)","decl":{"start":{"line":71,"column":7},"end":{"line":71,"column":8}},"loc":{"start":{"line":71,"column":23},"end":{"line":74,"column":3}},"line":71},"4":{"name":"(anonymous_4)","decl":{"start":{"line":75,"column":7},"end":{"line":75,"column":8}},"loc":{"start":{"line":75,"column":25},"end":{"line":91,"column":3}},"line":75},"5":{"name":"(anonymous_5)","decl":{"start":{"line":78,"column":22},"end":{"line":78,"column":23}},"loc":{"start":{"line":78,"column":41},"end":{"line":89,"column":4}},"line":78},"6":{"name":"(anonymous_6)","decl":{"start":{"line":80,"column":28},"end":{"line":80,"column":29}},"loc":{"start":{"line":80,"column":41},"end":{"line":82,"column":5}},"line":80},"7":{"name":"(anonymous_7)","decl":{"start":{"line":92,"column":7},"end":{"line":92,"column":8}},"loc":{"start":{"line":92,"column":25},"end":{"line":96,"column":3}},"line":92},"8":{"name":"(anonymous_8)","decl":{"start":{"line":97,"column":8},"end":{"line":97,"column":9}},"loc":{"start":{"line":97,"column":27},"end":{"line":99,"column":3}},"line":97},"9":{"name":"(anonymous_9)","decl":{"start":{"line":106,"column":37},"end":{"line":106,"column":38}},"loc":{"start":{"line":106,"column":57},"end":{"line":126,"column":1}},"line":106},"10":{"name":"(anonymous_10)","decl":{"start":{"line":109,"column":7},"end":{"line":109,"column":8}},"loc":{"start":{"line":109,"column":17},"end":{"line":112,"column":3}},"line":109},"11":{"name":"(anonymous_11)","decl":{"start":{"line":113,"column":7},"end":{"line":113,"column":8}},"loc":{"start":{"line":113,"column":19},"end":{"line":121,"column":3}},"line":113},"12":{"name":"(anonymous_12)","decl":{"start":{"line":122,"column":8},"end":{"line":122,"column":9}},"loc":{"start":{"line":122,"column":17},"end":{"line":125,"column":3}},"line":122},"13":{"name":"(anonymous_13)","decl":{"start":{"line":136,"column":31},"end":{"line":136,"column":32}},"loc":{"start":{"line":136,"column":51},"end":{"line":167,"column":1}},"line":136},"14":{"name":"(anonymous_14)","decl":{"start":{"line":139,"column":7},"end":{"line":139,"column":8}},"loc":{"start":{"line":139,"column":17},"end":{"line":142,"column":3}},"line":139},"15":{"name":"(anonymous_15)","decl":{"start":{"line":143,"column":7},"end":{"line":143,"column":8}},"loc":{"start":{"line":143,"column":19},"end":{"line":153,"column":3}},"line":143},"16":{"name":"(anonymous_16)","decl":{"start":{"line":154,"column":7},"end":{"line":154,"column":8}},"loc":{"start":{"line":154,"column":19},"end":{"line":162,"column":3}},"line":154},"17":{"name":"(anonymous_17)","decl":{"start":{"line":163,"column":8},"end":{"line":163,"column":9}},"loc":{"start":{"line":163,"column":17},"end":{"line":166,"column":3}},"line":163},"18":{"name":"(anonymous_18)","decl":{"start":{"line":175,"column":38},"end":{"line":175,"column":39}},"loc":{"start":{"line":175,"column":58},"end":{"line":208,"column":1}},"line":175},"19":{"name":"(anonymous_19)","decl":{"start":{"line":186,"column":32},"end":{"line":186,"column":33}},"loc":{"start":{"line":186,"column":53},"end":{"line":207,"column":2}},"line":186},"20":{"name":"(anonymous_20)","decl":{"start":{"line":193,"column":31},"end":{"line":193,"column":32}},"loc":{"start":{"line":193,"column":46},"end":{"line":206,"column":3}},"line":193},"21":{"name":"(anonymous_21)","decl":{"start":{"line":217,"column":36},"end":{"line":217,"column":37}},"loc":{"start":{"line":217,"column":56},"end":{"line":246,"column":1}},"line":217},"22":{"name":"(anonymous_22)","decl":{"start":{"line":224,"column":32},"end":{"line":224,"column":33}},"loc":{"start":{"line":224,"column":53},"end":{"line":245,"column":2}},"line":224},"23":{"name":"(anonymous_23)","decl":{"start":{"line":231,"column":31},"end":{"line":231,"column":32}},"loc":{"start":{"line":231,"column":46},"end":{"line":244,"column":3}},"line":231},"24":{"name":"(anonymous_24)","decl":{"start":{"line":248,"column":33},"end":{"line":248,"column":34}},"loc":{"start":{"line":248,"column":53},"end":{"line":284,"column":1}},"line":248},"25":{"name":"(anonymous_25)","decl":{"start":{"line":251,"column":7},"end":{"line":251,"column":8}},"loc":{"start":{"line":251,"column":17},"end":{"line":277,"column":3}},"line":251},"26":{"name":"(anonymous_26)","decl":{"start":{"line":261,"column":10},"end":{"line":261,"column":11}},"loc":{"start":{"line":261,"column":20},"end":{"line":265,"column":6}},"line":261},"27":{"name":"(anonymous_27)","decl":{"start":{"line":266,"column":10},"end":{"line":266,"column":11}},"loc":{"start":{"line":266,"column":22},"end":{"line":271,"column":6}},"line":266},"28":{"name":"(anonymous_28)","decl":{"start":{"line":272,"column":11},"end":{"line":272,"column":12}},"loc":{"start":{"line":272,"column":20},"end":{"line":275,"column":6}},"line":272},"29":{"name":"(anonymous_29)","decl":{"start":{"line":278,"column":8},"end":{"line":278,"column":9}},"loc":{"start":{"line":278,"column":17},"end":{"line":283,"column":3}},"line":278},"30":{"name":"(anonymous_30)","decl":{"start":{"line":286,"column":30},"end":{"line":286,"column":31}},"loc":{"start":{"line":286,"column":50},"end":{"line":328,"column":1}},"line":286},"31":{"name":"(anonymous_31)","decl":{"start":{"line":289,"column":7},"end":{"line":289,"column":8}},"loc":{"start":{"line":289,"column":17},"end":{"line":321,"column":3}},"line":289},"32":{"name":"(anonymous_32)","decl":{"start":{"line":301,"column":10},"end":{"line":301,"column":11}},"loc":{"start":{"line":301,"column":20},"end":{"line":306,"column":6}},"line":301},"33":{"name":"(anonymous_33)","decl":{"start":{"line":307,"column":10},"end":{"line":307,"column":11}},"loc":{"start":{"line":307,"column":22},"end":{"line":319,"column":6}},"line":307},"34":{"name":"(anonymous_34)","decl":{"start":{"line":322,"column":8},"end":{"line":322,"column":9}},"loc":{"start":{"line":322,"column":17},"end":{"line":327,"column":3}},"line":322},"35":{"name":"(anonymous_35)","decl":{"start":{"line":330,"column":30},"end":{"line":330,"column":31}},"loc":{"start":{"line":330,"column":50},"end":{"line":370,"column":1}},"line":330},"36":{"name":"(anonymous_36)","decl":{"start":{"line":333,"column":7},"end":{"line":333,"column":8}},"loc":{"start":{"line":333,"column":17},"end":{"line":363,"column":3}},"line":333},"37":{"name":"(anonymous_37)","decl":{"start":{"line":345,"column":10},"end":{"line":345,"column":11}},"loc":{"start":{"line":345,"column":20},"end":{"line":350,"column":6}},"line":345},"38":{"name":"(anonymous_38)","decl":{"start":{"line":351,"column":10},"end":{"line":351,"column":11}},"loc":{"start":{"line":351,"column":22},"end":{"line":361,"column":6}},"line":351},"39":{"name":"(anonymous_39)","decl":{"start":{"line":364,"column":8},"end":{"line":364,"column":9}},"loc":{"start":{"line":364,"column":17},"end":{"line":369,"column":3}},"line":364}},"branchMap":{"0":{"loc":{"start":{"line":23,"column":1},"end":{"line":31,"column":2}},"type":"if","locations":[{"start":{"line":23,"column":1},"end":{"line":31,"column":2}},{"start":{"line":23,"column":1},"end":{"line":31,"column":2}}],"line":23},"1":{"loc":{"start":{"line":39,"column":1},"end":{"line":47,"column":2}},"type":"if","locations":[{"start":{"line":39,"column":1},"end":{"line":47,"column":2}},{"start":{"line":39,"column":1},"end":{"line":47,"column":2}}],"line":39},"2":{"loc":{"start":{"line":57,"column":1},"end":{"line":61,"column":2}},"type":"if","locations":[{"start":{"line":57,"column":1},"end":{"line":61,"column":2}},{"start":{"line":57,"column":1},"end":{"line":61,"column":2}}],"line":57},"3":{"loc":{"start":{"line":81,"column":5},"end":{"line":81,"column":46}},"type":"if","locations":[{"start":{"line":81,"column":5},"end":{"line":81,"column":46}},{"start":{"line":81,"column":5},"end":{"line":81,"column":46}}],"line":81},"4":{"loc":{"start":{"line":83,"column":4},"end":{"line":88,"column":5}},"type":"if","locations":[{"start":{"line":83,"column":4},"end":{"line":88,"column":5}},{"start":{"line":83,"column":4},"end":{"line":88,"column":5}}],"line":83},"5":{"loc":{"start":{"line":148,"column":3},"end":{"line":148,"column":34}},"type":"if","locations":[{"start":{"line":148,"column":3},"end":{"line":148,"column":34}},{"start":{"line":148,"column":3},"end":{"line":148,"column":34}}],"line":148},"6":{"loc":{"start":{"line":187,"column":2},"end":{"line":192,"column":3}},"type":"if","locations":[{"start":{"line":187,"column":2},"end":{"line":192,"column":3}},{"start":{"line":187,"column":2},"end":{"line":192,"column":3}}],"line":187},"7":{"loc":{"start":{"line":194,"column":3},"end":{"line":199,"column":4}},"type":"if","locations":[{"start":{"line":194,"column":3},"end":{"line":199,"column":4}},{"start":{"line":194,"column":3},"end":{"line":199,"column":4}}],"line":194},"8":{"loc":{"start":{"line":225,"column":2},"end":{"line":230,"column":3}},"type":"if","locations":[{"start":{"line":225,"column":2},"end":{"line":230,"column":3}},{"start":{"line":225,"column":2},"end":{"line":230,"column":3}}],"line":225},"9":{"loc":{"start":{"line":232,"column":3},"end":{"line":237,"column":4}},"type":"if","locations":[{"start":{"line":232,"column":3},"end":{"line":237,"column":4}},{"start":{"line":232,"column":3},"end":{"line":237,"column":4}}],"line":232},"10":{"loc":{"start":{"line":253,"column":3},"end":{"line":276,"column":4}},"type":"if","locations":[{"start":{"line":253,"column":3},"end":{"line":276,"column":4}},{"start":{"line":253,"column":3},"end":{"line":276,"column":4}}],"line":253},"11":{"loc":{"start":{"line":291,"column":3},"end":{"line":320,"column":4}},"type":"if","locations":[{"start":{"line":291,"column":3},"end":{"line":320,"column":4}},{"start":{"line":291,"column":3},"end":{"line":320,"column":4}}],"line":291},"12":{"loc":{"start":{"line":313,"column":7},"end":{"line":316,"column":8}},"type":"if","locations":[{"start":{"line":313,"column":7},"end":{"line":316,"column":8}},{"start":{"line":313,"column":7},"end":{"line":316,"column":8}}],"line":313},"13":{"loc":{"start":{"line":335,"column":3},"end":{"line":362,"column":4}},"type":"if","locations":[{"start":{"line":335,"column":3},"end":{"line":362,"column":4}},{"start":{"line":335,"column":3},"end":{"line":362,"column":4}}],"line":335},"14":{"loc":{"start":{"line":355,"column":7},"end":{"line":358,"column":8}},"type":"if","locations":[{"start":{"line":355,"column":7},"end":{"line":358,"column":8}},{"start":{"line":355,"column":7},"end":{"line":358,"column":8}}],"line":355}},"s":{"0":1,"1":1,"2":1,"3":1,"4":1,"5":1,"6":1,"7":1,"8":1,"9":1,"10":1,"11":1,"12":1,"13":1,"14":1,"15":1,"16":1,"17":1,"18":1,"19":15,"20":1,"21":14,"22":1,"23":14,"24":2,"25":12,"26":1,"27":2,"28":2,"29":2,"30":1,"31":1,"32":1,"33":2,"34":2,"35":2,"36":2,"37":2,"38":2,"39":2,"40":2,"41":2,"42":2,"43":2,"44":2,"45":2,"46":4,"47":4,"48":4,"49":2,"50":4,"51":2,"52":2,"53":2,"54":2,"55":2,"56":2,"57":0,"58":1,"59":1,"60":1,"61":1,"62":1,"63":1,"64":1,"65":1,"66":1,"67":0,"68":0,"69":1,"70":1,"71":1,"72":1,"73":1,"74":1,"75":1,"76":1,"77":1,"78":1,"79":1,"80":1,"81":1,"82":1,"83":1,"84":1,"85":1,"86":0,"87":0,"88":1,"89":1,"90":1,"91":1,"92":1,"93":1,"94":1,"95":1,"96":0,"97":0,"98":0,"99":1,"100":1,"101":0,"102":0,"103":0,"104":1,"105":1,"106":1,"107":1,"108":1,"109":1,"110":1,"111":1,"112":1,"113":1,"114":0,"115":0,"116":0,"117":1,"118":1,"119":0,"120":0,"121":0,"122":1,"123":1,"124":1,"125":2,"126":2,"127":2,"128":2,"129":1,"130":1,"131":1,"132":1,"133":1,"134":1,"135":1,"136":1,"137":1,"138":0,"139":0,"140":0,"141":1,"142":2,"143":2,"144":2,"145":2,"146":1,"147":1,"148":1,"149":1,"150":1,"151":1,"152":1,"153":1,"154":27,"155":27,"156":0,"157":0,"158":1,"159":0,"160":1,"161":2,"162":2,"163":2,"164":2,"165":1,"166":1,"167":1,"168":1,"169":1,"170":1,"171":1,"172":1,"173":27,"174":27,"175":0,"176":0,"177":1,"178":0,"179":1},"f":{"0":15,"1":14,"2":2,"3":2,"4":2,"5":4,"6":4,"7":2,"8":0,"9":1,"10":1,"11":1,"12":0,"13":1,"14":1,"15":1,"16":1,"17":0,"18":1,"19":1,"20":1,"21":1,"22":1,"23":1,"24":2,"25":2,"26":1,"27":1,"28":0,"29":0,"30":2,"31":2,"32":1,"33":1,"34":0,"35":2,"36":2,"37":1,"38":1,"39":0},"b":{"0":[1,14],"1":[2,12],"2":[1,1],"3":[2,2],"4":[2,2],"5":[1,0],"6":[0,1],"7":[0,1],"8":[0,1],"9":[0,1],"10":[1,1],"11":[1,1],"12":[0,27],"13":[1,1],"14":[0,27]},"_coverageSchema":"d34fc3e6b8297bcde183f5492bcb8fcb36775295","hash":"2052c8ab21999d941cc52f8d4c5f3a6eaa990245","contentHash":"6499ae091e371f3c4171a4ee58d01a2f"}}