TN:
SF:/Users/lixiao/tmp/AwesomeCoding/backend/app.js
FN:29,(anonymous_0)
FN:33,(anonymous_1)
FN:48,(anonymous_2)
FN:65,(anonymous_3)
FN:95,(anonymous_4)
FN:100,(anonymous_5)
FNF:6
FNH:2
FNDA:1,(anonymous_0)
FNDA:0,(anonymous_1)
FNDA:0,(anonymous_2)
FNDA:0,(anonymous_3)
FNDA:0,(anonymous_4)
FNDA:2,(anonymous_5)
DA:2,1
DA:3,1
DA:4,1
DA:5,1
DA:6,1
DA:7,1
DA:8,1
DA:9,1
DA:12,1
DA:13,1
DA:14,1
DA:15,1
DA:16,1
DA:17,1
DA:18,1
DA:19,1
DA:20,1
DA:22,1
DA:23,1
DA:24,1
DA:25,1
DA:27,1
DA:28,1
DA:30,1
DA:31,1
DA:34,0
DA:37,1
DA:38,1
DA:40,1
DA:42,1
DA:48,1
DA:49,0
DA:52,1
DA:53,1
DA:55,1
DA:58,1
DA:59,1
DA:61,1
DA:66,0
DA:74,1
DA:75,1
DA:76,1
DA:79,1
DA:80,1
DA:81,1
DA:82,1
DA:84,1
DA:85,1
DA:86,1
DA:87,1
DA:88,1
DA:89,1
DA:90,1
DA:91,1
DA:92,1
DA:95,1
DA:96,0
DA:100,1
DA:102,2
DA:103,2
DA:106,2
DA:107,2
DA:110,1
LF:63
LH:59
BRDA:103,0,0,2
BRDA:103,0,1,0
BRDA:106,1,0,2
BRDA:106,1,1,2
BRF:4
BRH:3
end_of_record
TN:
SF:/Users/lixiao/tmp/AwesomeCoding/backend/configures/database.config.js
FNF:0
FNH:0
DA:12,1
DA:21,1
LF:2
LH:2
BRF:0
BRH:0
end_of_record
TN:
SF:/Users/lixiao/tmp/AwesomeCoding/backend/configures/log.config.js
FNF:0
FNH:0
DA:1,1
DA:11,1
DA:21,1
DA:31,1
LF:4
LH:4
BRF:0
BRH:0
end_of_record
TN:
SF:/Users/lixiao/tmp/AwesomeCoding/backend/configures/session.config.js
FNF:0
FNH:0
DA:1,1
DA:8,1
LF:2
LH:2
BRF:0
BRH:0
end_of_record
TN:
SF:/Users/lixiao/tmp/AwesomeCoding/backend/routes/api.js
FN:5,(anonymous_0)
FN:12,(anonymous_1)
FNF:2
FNH:2
FNDA:1,(anonymous_0)
FNDA:1,(anonymous_1)
DA:1,1
DA:2,1
DA:3,1
DA:5,1
DA:6,1
DA:12,1
DA:13,1
DA:17,1
DA:20,1
LF:9
LH:9
BRF:0
BRH:0
end_of_record
TN:
SF:/Users/lixiao/tmp/AwesomeCoding/backend/routes/class.js
FN:30,(anonymous_0)
FN:34,(anonymous_1)
FN:38,(anonymous_2)
FN:41,(anonymous_3)
FN:46,(anonymous_4)
FN:57,(anonymous_5)
FN:68,(anonymous_6)
FN:71,(anonymous_7)
FN:81,(anonymous_8)
FN:86,(anonymous_9)
FN:98,(anonymous_10)
FN:101,(anonymous_11)
FN:106,(anonymous_12)
FN:120,(anonymous_13)
FN:132,(anonymous_14)
FN:140,(anonymous_15)
FN:144,(anonymous_16)
FN:150,(anonymous_17)
FN:157,(anonymous_18)
FN:163,(anonymous_19)
FN:168,(anonymous_20)
FN:174,(anonymous_21)
FN:181,(anonymous_22)
FN:186,(anonymous_23)
FN:191,(anonymous_24)
FN:197,(anonymous_25)
FN:204,(anonymous_26)
FN:207,(anonymous_27)
FN:217,(anonymous_28)
FN:222,(anonymous_29)
FN:228,(anonymous_30)
FN:240,(anonymous_31)
FN:245,(anonymous_32)
FN:255,(anonymous_33)
FN:267,(anonymous_34)
FN:272,(anonymous_35)
FN:278,(anonymous_36)
FN:285,(anonymous_37)
FN:290,(anonymous_38)
FN:302,(anonymous_39)
FN:312,(anonymous_40)
FN:314,(anonymous_41)
FN:318,(anonymous_42)
FN:330,(anonymous_43)
FN:335,(anonymous_44)
FN:340,(anonymous_45)
FN:344,(anonymous_46)
FN:359,(anonymous_47)
FN:371,(anonymous_48)
FN:377,(anonymous_49)
FN:405,(anonymous_50)
FN:408,(anonymous_51)
FN:413,(anonymous_52)
FN:418,(anonymous_53)
FN:437,(anonymous_54)
FN:445,(anonymous_55)
FN:458,(anonymous_56)
FN:466,(anonymous_57)
FN:485,(anonymous_58)
FN:494,(anonymous_59)
FN:498,(anonymous_60)
FN:508,(anonymous_61)
FN:509,(anonymous_62)
FN:514,(anonymous_63)
FN:522,(anonymous_64)
FN:526,(anonymous_65)
FN:541,(anonymous_66)
FN:557,(anonymous_67)
FN:571,(anonymous_68)
FN:574,(anonymous_69)
FN:579,(anonymous_70)
FN:585,(anonymous_71)
FN:627,(anonymous_72)
FN:630,(anonymous_73)
FN:635,(anonymous_74)
FN:641,(anonymous_75)
FN:646,(anonymous_76)
FN:650,(anonymous_77)
FN:658,(anonymous_78)
FN:664,(anonymous_79)
FN:677,(anonymous_80)
FN:689,(anonymous_81)
FN:696,(anonymous_82)
FN:704,(anonymous_83)
FN:728,(anonymous_84)
FN:735,(anonymous_85)
FN:750,(anonymous_86)
FN:757,(anonymous_87)
FN:760,(anonymous_88)
FN:765,(anonymous_89)
FN:780,(anonymous_90)
FN:785,(anonymous_91)
FN:790,(anonymous_92)
FN:797,(anonymous_93)
FN:800,(anonymous_94)
FN:805,(anonymous_95)
FN:820,(anonymous_96)
FN:825,(anonymous_97)
FN:830,(anonymous_98)
FN:832,(anonymous_99)
FN:837,(anonymous_100)
FN:842,(anonymous_101)
FN:847,(anonymous_102)
FN:849,(anonymous_103)
FN:854,(anonymous_104)
FN:860,(anonymous_105)
FN:878,(anonymous_106)
FN:883,(anonymous_107)
FNF:108
FNH:67
FNDA:2,(anonymous_0)
FNDA:0,(anonymous_1)
FNDA:0,(anonymous_2)
FNDA:0,(anonymous_3)
FNDA:0,(anonymous_4)
FNDA:4,(anonymous_5)
FNDA:4,(anonymous_6)
FNDA:3,(anonymous_7)
FNDA:1,(anonymous_8)
FNDA:2,(anonymous_9)
FNDA:2,(anonymous_10)
FNDA:2,(anonymous_11)
FNDA:2,(anonymous_12)
FNDA:2,(anonymous_13)
FNDA:2,(anonymous_14)
FNDA:0,(anonymous_15)
FNDA:2,(anonymous_16)
FNDA:1,(anonymous_17)
FNDA:1,(anonymous_18)
FNDA:1,(anonymous_19)
FNDA:0,(anonymous_20)
FNDA:1,(anonymous_21)
FNDA:1,(anonymous_22)
FNDA:1,(anonymous_23)
FNDA:0,(anonymous_24)
FNDA:1,(anonymous_25)
FNDA:1,(anonymous_26)
FNDA:1,(anonymous_27)
FNDA:1,(anonymous_28)
FNDA:0,(anonymous_29)
FNDA:3,(anonymous_30)
FNDA:3,(anonymous_31)
FNDA:3,(anonymous_32)
FNDA:3,(anonymous_33)
FNDA:3,(anonymous_34)
FNDA:0,(anonymous_35)
FNDA:1,(anonymous_36)
FNDA:1,(anonymous_37)
FNDA:1,(anonymous_38)
FNDA:1,(anonymous_39)
FNDA:1,(anonymous_40)
FNDA:1,(anonymous_41)
FNDA:1,(anonymous_42)
FNDA:0,(anonymous_43)
FNDA:1,(anonymous_44)
FNDA:1,(anonymous_45)
FNDA:1,(anonymous_46)
FNDA:1,(anonymous_47)
FNDA:0,(anonymous_48)
FNDA:0,(anonymous_49)
FNDA:0,(anonymous_50)
FNDA:0,(anonymous_51)
FNDA:0,(anonymous_52)
FNDA:2,(anonymous_53)
FNDA:1,(anonymous_54)
FNDA:1,(anonymous_55)
FNDA:1,(anonymous_56)
FNDA:1,(anonymous_57)
FNDA:0,(anonymous_58)
FNDA:0,(anonymous_59)
FNDA:0,(anonymous_60)
FNDA:0,(anonymous_61)
FNDA:0,(anonymous_62)
FNDA:0,(anonymous_63)
FNDA:0,(anonymous_64)
FNDA:0,(anonymous_65)
FNDA:0,(anonymous_66)
FNDA:1,(anonymous_67)
FNDA:1,(anonymous_68)
FNDA:1,(anonymous_69)
FNDA:0,(anonymous_70)
FNDA:1,(anonymous_71)
FNDA:1,(anonymous_72)
FNDA:1,(anonymous_73)
FNDA:0,(anonymous_74)
FNDA:0,(anonymous_75)
FNDA:0,(anonymous_76)
FNDA:0,(anonymous_77)
FNDA:0,(anonymous_78)
FNDA:0,(anonymous_79)
FNDA:0,(anonymous_80)
FNDA:0,(anonymous_81)
FNDA:0,(anonymous_82)
FNDA:0,(anonymous_83)
FNDA:0,(anonymous_84)
FNDA:0,(anonymous_85)
FNDA:1,(anonymous_86)
FNDA:1,(anonymous_87)
FNDA:1,(anonymous_88)
FNDA:1,(anonymous_89)
FNDA:0,(anonymous_90)
FNDA:1,(anonymous_91)
FNDA:1,(anonymous_92)
FNDA:1,(anonymous_93)
FNDA:1,(anonymous_94)
FNDA:1,(anonymous_95)
FNDA:0,(anonymous_96)
FNDA:1,(anonymous_97)
FNDA:2,(anonymous_98)
FNDA:2,(anonymous_99)
FNDA:2,(anonymous_100)
FNDA:0,(anonymous_101)
FNDA:2,(anonymous_102)
FNDA:2,(anonymous_103)
FNDA:2,(anonymous_104)
FNDA:2,(anonymous_105)
FNDA:2,(anonymous_106)
FNDA:0,(anonymous_107)
DA:1,1
DA:2,1
DA:3,1
DA:4,1
DA:5,1
DA:7,1
DA:8,1
DA:9,1
DA:10,1
DA:11,1
DA:12,1
DA:14,1
DA:15,1
DA:16,1
DA:17,1
DA:18,1
DA:19,1
DA:20,1
DA:21,1
DA:22,1
DA:30,1
DA:31,2
DA:34,1
DA:35,0
DA:36,0
DA:37,0
DA:39,0
DA:42,0
DA:43,0
DA:44,0
DA:47,0
DA:57,1
DA:58,4
DA:59,4
DA:60,4
DA:61,0
DA:65,0
DA:67,4
DA:69,4
DA:72,3
DA:73,3
DA:74,3
DA:75,3
DA:76,3
DA:82,1
DA:86,1
DA:87,2
DA:88,2
DA:89,2
DA:90,2
DA:91,2
DA:93,0
DA:94,2
DA:95,2
DA:96,2
DA:97,2
DA:99,2
DA:102,2
DA:103,2
DA:104,2
DA:107,2
DA:108,2
DA:109,2
DA:110,0
DA:111,0
DA:112,2
DA:113,0
DA:114,0
DA:116,2
DA:118,2
DA:121,2
DA:122,2
DA:123,2
DA:124,0
DA:126,0
DA:128,2
DA:129,2
DA:133,2
DA:135,0
DA:136,0
DA:138,0
DA:141,0
DA:142,0
DA:150,1
DA:151,1
DA:152,0
DA:154,0
DA:156,1
DA:158,1
DA:161,1
DA:164,1
DA:165,1
DA:166,1
DA:169,0
DA:174,1
DA:175,1
DA:176,0
DA:178,0
DA:180,1
DA:182,1
DA:184,1
DA:187,1
DA:188,1
DA:189,1
DA:192,0
DA:197,1
DA:198,1
DA:199,0
DA:201,0
DA:203,1
DA:205,1
DA:208,1
DA:209,1
DA:210,0
DA:212,0
DA:214,1
DA:215,1
DA:218,1
DA:219,1
DA:220,1
DA:223,0
DA:228,1
DA:229,3
DA:230,0
DA:232,0
DA:234,3
DA:235,0
DA:237,0
DA:239,3
DA:241,3
DA:243,3
DA:246,3
DA:247,3
DA:248,0
DA:249,0
DA:251,3
DA:253,3
DA:256,3
DA:257,3
DA:258,0
DA:259,0
DA:260,0
DA:262,3
DA:265,3
DA:268,3
DA:269,3
DA:270,3
DA:273,0
DA:278,1
DA:279,1
DA:280,0
DA:282,0
DA:284,1
DA:286,1
DA:288,1
DA:291,1
DA:292,1
DA:293,1
DA:294,1
DA:296,0
DA:303,1
DA:312,1
DA:313,1
DA:315,1
DA:316,1
DA:319,1
DA:320,1
DA:324,1
DA:325,7
DA:327,1
DA:328,1
DA:331,0
DA:335,1
DA:336,1
DA:339,1
DA:341,1
DA:342,1
DA:345,1
DA:346,1
DA:347,0
DA:348,0
DA:349,0
DA:354,1
DA:355,1
DA:356,1
DA:360,1
DA:361,1
DA:362,1
DA:363,7
DA:365,1
DA:366,1
DA:367,1
DA:368,0
DA:369,1
DA:372,0
DA:373,0
DA:377,1
DA:378,0
DA:379,0
DA:385,0
DA:386,0
DA:387,0
DA:388,0
DA:389,0
DA:390,0
DA:391,0
DA:393,0
DA:394,0
DA:395,0
DA:396,0
DA:397,0
DA:398,0
DA:399,0
DA:400,0
DA:402,0
DA:403,0
DA:404,0
DA:406,0
DA:409,0
DA:410,0
DA:411,0
DA:414,0
DA:418,1
DA:419,2
DA:420,1
DA:422,1
DA:424,1
DA:425,1
DA:426,1
DA:427,1
DA:428,1
DA:429,1
DA:430,0
DA:435,1
DA:436,1
DA:438,1
DA:443,1
DA:446,1
DA:447,1
DA:448,1
DA:449,1
DA:450,1
DA:451,1
DA:452,1
DA:453,7
DA:455,1
DA:456,1
DA:459,1
DA:460,1
DA:463,1
DA:467,1
DA:468,0
DA:469,0
DA:470,0
DA:473,0
DA:474,0
DA:475,0
DA:477,0
DA:479,0
DA:480,0
DA:481,0
DA:482,0
DA:484,0
DA:485,0
DA:486,0
DA:487,0
DA:488,0
DA:490,0
DA:491,0
DA:493,0
DA:495,0
DA:496,0
DA:499,0
DA:501,0
DA:512,0
DA:516,0
DA:517,0
DA:521,0
DA:523,0
DA:524,0
DA:525,0
DA:529,0
DA:536,1
DA:537,1
DA:538,1
DA:542,0
DA:557,1
DA:558,1
DA:559,0
DA:561,0
DA:563,1
DA:564,0
DA:565,0
DA:567,1
DA:568,1
DA:569,1
DA:570,1
DA:572,1
DA:575,1
DA:576,1
DA:577,1
DA:580,0
DA:585,1
DA:586,1
DA:587,0
DA:589,0
DA:591,1
DA:592,0
DA:593,0
DA:594,0
DA:596,1
DA:597,0
DA:599,0
DA:602,1
DA:603,1
DA:604,1
DA:605,1
DA:606,0
DA:612,1
DA:626,1
DA:628,1
DA:631,1
DA:632,1
DA:633,1
DA:636,0
DA:641,1
DA:642,0
DA:645,0
DA:647,0
DA:648,0
DA:651,0
DA:652,0
DA:653,0
DA:654,0
DA:655,0
DA:656,0
DA:659,0
DA:660,0
DA:664,1
DA:665,0
DA:668,0
DA:669,0
DA:670,0
DA:672,0
DA:673,0
DA:674,0
DA:675,0
DA:677,0
DA:678,0
DA:679,0
DA:680,0
DA:681,0
DA:683,0
DA:684,0
DA:686,0
DA:687,0
DA:688,0
DA:690,0
DA:691,0
DA:692,0
DA:694,0
DA:697,0
DA:698,0
DA:699,0
DA:701,0
DA:702,0
DA:705,0
DA:706,0
DA:707,0
DA:709,0
DA:710,0
DA:711,0
DA:712,0
DA:713,0
DA:714,0
DA:715,0
DA:716,0
DA:724,0
DA:725,0
DA:726,0
DA:729,0
DA:730,0
DA:731,0
DA:732,0
DA:733,0
DA:736,0
DA:737,0
DA:742,0
DA:743,0
DA:744,0
DA:750,1
DA:751,1
DA:752,1
DA:753,1
DA:754,1
DA:755,1
DA:756,1
DA:758,1
DA:761,1
DA:762,1
DA:763,1
DA:766,1
DA:767,1
DA:768,1
DA:769,1
DA:770,1
DA:772,0
DA:773,0
DA:774,0
DA:776,0
DA:778,0
DA:781,0
DA:782,0
DA:783,0
DA:786,1
DA:790,1
DA:791,1
DA:792,1
DA:793,1
DA:794,1
DA:795,1
DA:796,1
DA:798,1
DA:801,1
DA:802,1
DA:803,1
DA:806,1
DA:807,1
DA:808,1
DA:809,1
DA:810,1
DA:812,0
DA:813,0
DA:814,0
DA:816,0
DA:818,0
DA:821,0
DA:822,0
DA:823,0
DA:826,1
DA:830,1
DA:831,2
DA:833,2
DA:835,2
DA:838,2
DA:839,2
DA:840,2
DA:843,0
DA:847,1
DA:848,2
DA:850,2
DA:851,2
DA:852,2
DA:855,2
DA:856,2
DA:858,2
DA:861,2
DA:862,2
DA:863,1
DA:864,1
DA:865,1
DA:868,1
DA:870,1
DA:871,1
DA:875,1
DA:879,2
DA:880,2
DA:881,2
DA:884,0
DA:888,1
LF:470
LH:264
BRDA:60,0,0,0
BRDA:60,0,1,4
BRDA:90,1,0,2
BRDA:90,1,1,0
BRDA:109,2,0,0
BRDA:109,2,1,2
BRDA:109,3,0,2
BRDA:109,3,1,2
BRDA:112,4,0,0
BRDA:112,4,1,2
BRDA:123,5,0,0
BRDA:123,5,1,2
BRDA:151,6,0,0
BRDA:151,6,1,1
BRDA:175,7,0,0
BRDA:175,7,1,1
BRDA:198,8,0,0
BRDA:198,8,1,1
BRDA:209,9,0,0
BRDA:209,9,1,1
BRDA:229,10,0,0
BRDA:229,10,1,3
BRDA:234,11,0,0
BRDA:234,11,1,3
BRDA:247,12,0,0
BRDA:247,12,1,3
BRDA:257,13,0,0
BRDA:257,13,1,3
BRDA:279,14,0,0
BRDA:279,14,1,1
BRDA:293,15,0,1
BRDA:293,15,1,0
BRDA:346,16,0,0
BRDA:346,16,1,1
BRDA:367,17,0,0
BRDA:367,17,1,1
BRDA:367,18,0,1
BRDA:367,18,1,0
BRDA:372,19,0,0
BRDA:372,19,1,0
BRDA:419,20,0,1
BRDA:419,20,1,1
BRDA:419,21,0,2
BRDA:419,21,1,1
BRDA:429,22,0,0
BRDA:429,22,1,1
BRDA:429,23,0,1
BRDA:429,23,1,1
BRDA:467,24,0,0
BRDA:467,24,1,1
BRDA:558,25,0,0
BRDA:558,25,1,1
BRDA:563,26,0,0
BRDA:563,26,1,1
BRDA:586,27,0,0
BRDA:586,27,1,1
BRDA:591,28,0,0
BRDA:591,28,1,1
BRDA:596,29,0,0
BRDA:596,29,1,1
BRDA:605,30,0,0
BRDA:605,30,1,1
BRDA:659,31,0,0
BRDA:659,31,1,0
BRDA:670,32,0,0
BRDA:670,32,1,0
BRDA:670,33,0,0
BRDA:670,33,1,0
BRDA:678,34,0,0
BRDA:678,34,1,0
BRDA:715,35,0,0
BRDA:715,35,1,0
BRDA:736,36,0,0
BRDA:736,36,1,0
BRDA:768,37,0,1
BRDA:768,37,1,0
BRDA:772,38,0,0
BRDA:772,38,1,0
BRDA:808,39,0,1
BRDA:808,39,1,0
BRDA:812,40,0,0
BRDA:812,40,1,0
BRDA:862,41,0,1
BRDA:862,41,1,1
BRF:84
BRH:38
end_of_record
TN:
SF:/Users/lixiao/tmp/AwesomeCoding/backend/routes/content.js
FN:15,(anonymous_0)
FN:17,(anonymous_1)
FN:21,(anonymous_2)
FN:30,(anonymous_3)
FN:35,(anonymous_4)
FN:40,(anonymous_5)
FN:42,(anonymous_6)
FN:46,(anonymous_7)
FN:54,(anonymous_8)
FN:59,(anonymous_9)
FN:61,(anonymous_10)
FN:65,(anonymous_11)
FN:73,(anonymous_12)
FNF:13
FNH:10
FNDA:1,(anonymous_0)
FNDA:1,(anonymous_1)
FNDA:1,(anonymous_2)
FNDA:1,(anonymous_3)
FNDA:0,(anonymous_4)
FNDA:1,(anonymous_5)
FNDA:1,(anonymous_6)
FNDA:1,(anonymous_7)
FNDA:0,(anonymous_8)
FNDA:1,(anonymous_9)
FNDA:1,(anonymous_10)
FNDA:1,(anonymous_11)
FNDA:0,(anonymous_12)
DA:1,1
DA:2,1
DA:3,1
DA:5,1
DA:6,1
DA:7,1
DA:8,1
DA:10,1
DA:11,1
DA:12,1
DA:13,1
DA:15,1
DA:16,1
DA:18,1
DA:19,1
DA:22,1
DA:23,1
DA:24,1
DA:25,1
DA:27,0
DA:28,1
DA:31,1
DA:32,1
DA:33,1
DA:36,0
DA:40,1
DA:41,1
DA:43,1
DA:44,1
DA:47,1
DA:48,1
DA:49,1
DA:55,0
DA:59,1
DA:60,1
DA:62,1
DA:63,1
DA:66,1
DA:67,1
DA:68,1
DA:74,0
DA:77,1
LF:42
LH:38
BRDA:24,0,0,1
BRDA:24,0,1,0
BRF:2
BRH:1
end_of_record
TN:
SF:/Users/lixiao/tmp/AwesomeCoding/backend/routes/developer.js
FN:27,(anonymous_0)
FN:29,(anonymous_1)
FN:33,(anonymous_2)
FN:38,(anonymous_3)
FN:43,(anonymous_4)
FN:45,(anonymous_5)
FN:52,(anonymous_6)
FN:63,(anonymous_7)
FN:69,(anonymous_8)
FN:71,(anonymous_9)
FN:75,(anonymous_10)
FN:80,(anonymous_11)
FNF:12
FNH:11
FNDA:4,(anonymous_0)
FNDA:4,(anonymous_1)
FNDA:3,(anonymous_2)
FNDA:1,(anonymous_3)
FNDA:4,(anonymous_4)
FNDA:4,(anonymous_5)
FNDA:4,(anonymous_6)
FNDA:0,(anonymous_7)
FNDA:13,(anonymous_8)
FNDA:13,(anonymous_9)
FNDA:12,(anonymous_10)
FNDA:1,(anonymous_11)
DA:1,1
DA:2,1
DA:3,1
DA:5,1
DA:6,1
DA:27,1
DA:28,4
DA:30,4
DA:31,4
DA:34,3
DA:35,3
DA:36,3
DA:39,1
DA:43,1
DA:44,4
DA:46,4
DA:47,4
DA:48,4
DA:50,4
DA:53,4
DA:54,4
DA:55,4
DA:56,1
DA:61,3
DA:64,0
DA:69,1
DA:70,13
DA:72,13
DA:73,13
DA:76,12
DA:77,12
DA:78,12
DA:81,1
DA:85,1
LF:34
LH:33
BRDA:55,0,0,1
BRDA:55,0,1,3
BRF:2
BRH:2
end_of_record
TN:
SF:/Users/lixiao/tmp/AwesomeCoding/backend/routes/discussion_board.js
FN:62,(anonymous_0)
FN:79,(anonymous_1)
FN:83,(anonymous_2)
FN:101,(anonymous_3)
FN:113,(anonymous_4)
FN:119,(anonymous_5)
FN:135,(anonymous_6)
FN:143,(anonymous_7)
FN:156,(anonymous_8)
FN:163,(anonymous_9)
FN:171,(anonymous_10)
FN:174,(anonymous_11)
FN:182,(anonymous_12)
FN:206,(anonymous_13)
FN:212,(anonymous_14)
FN:217,(anonymous_15)
FN:222,(anonymous_16)
FN:248,(anonymous_17)
FN:254,(anonymous_18)
FN:260,(anonymous_19)
FN:264,(anonymous_20)
FN:273,(anonymous_21)
FN:281,(anonymous_22)
FN:307,(anonymous_23)
FN:314,(anonymous_24)
FN:324,(anonymous_25)
FN:328,(anonymous_26)
FN:335,(anonymous_27)
FNF:28
FNH:18
FNDA:1,(anonymous_0)
FNDA:1,(anonymous_1)
FNDA:1,(anonymous_2)
FNDA:1,(anonymous_3)
FNDA:0,(anonymous_4)
FNDA:1,(anonymous_5)
FNDA:1,(anonymous_6)
FNDA:1,(anonymous_7)
FNDA:0,(anonymous_8)
FNDA:1,(anonymous_9)
FNDA:1,(anonymous_10)
FNDA:0,(anonymous_11)
FNDA:0,(anonymous_12)
FNDA:1,(anonymous_13)
FNDA:1,(anonymous_14)
FNDA:1,(anonymous_15)
FNDA:1,(anonymous_16)
FNDA:1,(anonymous_17)
FNDA:0,(anonymous_18)
FNDA:0,(anonymous_19)
FNDA:0,(anonymous_20)
FNDA:0,(anonymous_21)
FNDA:0,(anonymous_22)
FNDA:0,(anonymous_23)
FNDA:1,(anonymous_24)
FNDA:1,(anonymous_25)
FNDA:1,(anonymous_26)
FNDA:1,(anonymous_27)
DA:2,1
DA:3,1
DA:4,1
DA:5,1
DA:6,1
DA:7,1
DA:9,1
DA:10,1
DA:11,1
DA:12,1
DA:13,1
DA:62,1
DA:63,1
DA:64,1
DA:65,1
DA:67,1
DA:68,1
DA:69,1
DA:70,1
DA:71,1
DA:72,0
DA:73,0
DA:74,0
DA:75,0
DA:78,1
DA:80,1
DA:81,1
DA:84,1
DA:85,1
DA:86,0
DA:87,0
DA:88,0
DA:89,0
DA:90,0
DA:91,0
DA:96,1
DA:98,1
DA:102,1
DA:103,1
DA:104,1
DA:105,1
DA:106,1
DA:107,1
DA:108,1
DA:109,1
DA:110,1
DA:111,1
DA:114,0
DA:119,1
DA:120,1
DA:121,1
DA:122,1
DA:123,1
DA:124,1
DA:125,1
DA:126,1
DA:127,1
DA:128,1
DA:129,0
DA:130,0
DA:131,0
DA:132,0
DA:134,1
DA:136,1
DA:137,1
DA:138,1
DA:139,1
DA:141,1
DA:144,1
DA:145,1
DA:146,1
DA:147,1
DA:148,1
DA:149,1
DA:150,1
DA:151,1
DA:152,1
DA:153,1
DA:154,1
DA:157,0
DA:163,1
DA:164,1
DA:168,1
DA:169,1
DA:170,1
DA:172,1
DA:175,0
DA:176,0
DA:177,0
DA:180,0
DA:183,0
DA:184,0
DA:185,0
DA:186,0
DA:187,0
DA:192,0
DA:193,0
DA:194,0
DA:195,0
DA:196,0
DA:197,0
DA:198,0
DA:199,0
DA:200,0
DA:201,0
DA:203,0
DA:207,1
DA:208,1
DA:212,1
DA:213,1
DA:216,1
DA:218,1
DA:219,1
DA:220,1
DA:223,1
DA:224,1
DA:225,1
DA:226,1
DA:227,1
DA:228,1
DA:233,0
DA:234,0
DA:235,0
DA:236,0
DA:237,0
DA:238,0
DA:239,0
DA:240,0
DA:241,0
DA:243,0
DA:244,0
DA:245,0
DA:249,1
DA:250,0
DA:254,1
DA:255,0
DA:258,0
DA:259,0
DA:261,0
DA:262,0
DA:265,0
DA:266,0
DA:267,0
DA:268,0
DA:269,0
DA:270,0
DA:271,0
DA:274,0
DA:275,0
DA:276,0
DA:279,0
DA:282,0
DA:283,0
DA:284,0
DA:285,0
DA:286,0
DA:287,0
DA:292,0
DA:293,0
DA:294,0
DA:295,0
DA:296,0
DA:297,0
DA:298,0
DA:299,0
DA:300,0
DA:302,0
DA:303,0
DA:304,0
DA:308,0
DA:309,0
DA:314,1
DA:315,1
DA:316,1
DA:317,1
DA:318,0
DA:319,0
DA:320,0
DA:321,0
DA:323,1
DA:325,1
DA:326,1
DA:329,1
DA:330,1
DA:331,1
DA:332,1
DA:333,1
DA:336,1
DA:341,1
LF:189
LH:100
BRDA:71,0,0,0
BRDA:71,0,1,1
BRDA:71,1,0,1
BRDA:71,1,1,1
BRDA:71,1,2,1
BRDA:85,2,0,0
BRDA:85,2,1,1
BRDA:85,3,0,1
BRDA:85,3,1,0
BRDA:128,4,0,0
BRDA:128,4,1,1
BRDA:128,5,0,1
BRDA:128,5,1,1
BRDA:128,5,2,1
BRDA:184,6,0,0
BRDA:184,6,1,0
BRDA:207,7,0,1
BRDA:207,7,1,0
BRDA:225,8,0,1
BRDA:225,8,1,0
BRDA:249,9,0,0
BRDA:249,9,1,1
BRDA:284,10,0,0
BRDA:284,10,1,0
BRDA:308,11,0,0
BRDA:308,11,1,0
BRDA:317,12,0,0
BRDA:317,12,1,1
BRF:28
BRH:14
end_of_record
TN:
SF:/Users/lixiao/tmp/AwesomeCoding/backend/routes/file.js
FN:18,(anonymous_0)
FN:30,(anonymous_1)
FN:38,(anonymous_2)
FN:39,(anonymous_3)
FN:45,(anonymous_4)
FN:49,(anonymous_5)
FN:64,(anonymous_6)
FN:72,(anonymous_7)
FN:79,(anonymous_8)
FN:80,(anonymous_9)
FN:86,(anonymous_10)
FN:91,(anonymous_11)
FN:96,(anonymous_12)
FN:106,(anonymous_13)
FN:114,(anonymous_14)
FN:115,(anonymous_15)
FN:128,(anonymous_16)
FN:145,(anonymous_17)
FN:148,(anonymous_18)
FN:152,(anonymous_19)
FN:158,(anonymous_20)
FN:164,(anonymous_21)
FN:168,(anonymous_22)
FN:172,(anonymous_23)
FN:178,(anonymous_24)
FN:184,(anonymous_25)
FN:190,(anonymous_26)
FN:194,(anonymous_27)
FN:200,(anonymous_28)
FN:206,(anonymous_29)
FN:211,(anonymous_30)
FN:215,(anonymous_31)
FN:221,(anonymous_32)
FN:229,(anonymous_33)
FN:238,(anonymous_34)
FN:241,(anonymous_35)
FN:249,(anonymous_36)
FNF:37
FNH:27
FNDA:10,(anonymous_0)
FNDA:1,(anonymous_1)
FNDA:1,(anonymous_2)
FNDA:1,(anonymous_3)
FNDA:1,(anonymous_4)
FNDA:1,(anonymous_5)
FNDA:0,(anonymous_6)
FNDA:1,(anonymous_7)
FNDA:0,(anonymous_8)
FNDA:0,(anonymous_9)
FNDA:0,(anonymous_10)
FNDA:0,(anonymous_11)
FNDA:0,(anonymous_12)
FNDA:1,(anonymous_13)
FNDA:1,(anonymous_14)
FNDA:1,(anonymous_15)
FNDA:2,(anonymous_16)
FNDA:1,(anonymous_17)
FNDA:1,(anonymous_18)
FNDA:1,(anonymous_19)
FNDA:0,(anonymous_20)
FNDA:1,(anonymous_21)
FNDA:1,(anonymous_22)
FNDA:1,(anonymous_23)
FNDA:0,(anonymous_24)
FNDA:1,(anonymous_25)
FNDA:1,(anonymous_26)
FNDA:1,(anonymous_27)
FNDA:0,(anonymous_28)
FNDA:1,(anonymous_29)
FNDA:1,(anonymous_30)
FNDA:1,(anonymous_31)
FNDA:0,(anonymous_32)
FNDA:1,(anonymous_33)
FNDA:1,(anonymous_34)
FNDA:1,(anonymous_35)
FNDA:1,(anonymous_36)
DA:1,1
DA:2,1
DA:3,1
DA:4,1
DA:5,1
DA:6,1
DA:7,1
DA:8,1
DA:9,1
DA:10,1
DA:11,1
DA:12,1
DA:13,1
DA:14,1
DA:15,1
DA:16,1
DA:18,1
DA:19,10
DA:20,0
DA:26,10
DA:30,1
DA:31,1
DA:32,1
DA:33,1
DA:34,1
DA:35,1
DA:37,1
DA:38,1
DA:39,1
DA:40,1
DA:41,0
DA:44,1
DA:46,1
DA:47,1
DA:50,1
DA:51,1
DA:52,1
DA:53,1
DA:54,1
DA:55,1
DA:56,1
DA:59,0
DA:60,0
DA:61,0
DA:65,0
DA:72,1
DA:74,1
DA:75,1
DA:77,0
DA:78,0
DA:79,0
DA:80,0
DA:81,0
DA:82,0
DA:85,0
DA:87,0
DA:89,0
DA:92,0
DA:93,0
DA:94,0
DA:97,0
DA:106,1
DA:108,1
DA:109,1
DA:110,1
DA:111,1
DA:113,1
DA:114,1
DA:115,1
DA:116,1
DA:117,0
DA:119,1
DA:120,1
DA:121,1
DA:122,1
DA:128,1
DA:129,2
DA:130,2
DA:131,2
DA:132,1
DA:133,1
DA:138,1
DA:140,0
DA:145,1
DA:146,1
DA:147,1
DA:149,1
DA:150,1
DA:153,1
DA:154,1
DA:155,1
DA:156,1
DA:159,0
DA:164,1
DA:165,1
DA:166,1
DA:167,1
DA:169,1
DA:170,1
DA:173,1
DA:174,1
DA:175,1
DA:176,1
DA:179,0
DA:184,1
DA:185,1
DA:186,1
DA:187,1
DA:188,1
DA:189,1
DA:191,1
DA:192,1
DA:195,1
DA:196,1
DA:197,1
DA:198,1
DA:201,0
DA:206,1
DA:207,1
DA:208,1
DA:209,1
DA:210,1
DA:212,1
DA:213,1
DA:216,1
DA:217,1
DA:218,1
DA:219,1
DA:222,0
DA:229,1
DA:230,1
DA:231,1
DA:232,1
DA:233,1
DA:234,1
DA:235,1
DA:236,1
DA:237,1
DA:239,1
DA:242,1
DA:243,1
DA:244,1
DA:245,1
DA:246,1
DA:247,0
DA:250,1
DA:254,1
LF:147
LH:121
BRDA:19,0,0,0
BRDA:19,0,1,10
BRDA:40,1,0,0
BRDA:40,1,1,1
BRDA:52,2,0,1
BRDA:52,2,1,0
BRDA:81,3,0,0
BRDA:81,3,1,0
BRDA:116,4,0,0
BRDA:116,4,1,1
BRDA:132,5,0,1
BRDA:132,5,1,0
BRF:12
BRH:5
end_of_record
TN:
SF:/Users/lixiao/tmp/AwesomeCoding/backend/routes/live.js
FN:22,(anonymous_0)
FN:38,(anonymous_1)
FN:55,(anonymous_2)
FN:71,(anonymous_3)
FN:75,(anonymous_4)
FN:78,(anonymous_5)
FN:80,(anonymous_6)
FN:92,(anonymous_7)
FN:97,(anonymous_8)
FN:106,(anonymous_9)
FN:109,(anonymous_10)
FN:113,(anonymous_11)
FN:122,(anonymous_12)
FN:136,(anonymous_13)
FN:139,(anonymous_14)
FN:143,(anonymous_15)
FN:154,(anonymous_16)
FN:163,(anonymous_17)
FN:175,(anonymous_18)
FN:186,(anonymous_19)
FN:193,(anonymous_20)
FN:217,(anonymous_21)
FN:224,(anonymous_22)
FN:231,(anonymous_23)
FN:248,(anonymous_24)
FN:251,(anonymous_25)
FN:261,(anonymous_26)
FN:266,(anonymous_27)
FN:272,(anonymous_28)
FN:278,(anonymous_29)
FN:286,(anonymous_30)
FN:289,(anonymous_31)
FN:301,(anonymous_32)
FN:307,(anonymous_33)
FN:322,(anonymous_34)
FN:330,(anonymous_35)
FN:333,(anonymous_36)
FN:345,(anonymous_37)
FN:351,(anonymous_38)
FN:364,(anonymous_39)
FNF:40
FNH:33
FNDA:15,(anonymous_0)
FNDA:14,(anonymous_1)
FNDA:2,(anonymous_2)
FNDA:2,(anonymous_3)
FNDA:2,(anonymous_4)
FNDA:4,(anonymous_5)
FNDA:4,(anonymous_6)
FNDA:2,(anonymous_7)
FNDA:0,(anonymous_8)
FNDA:1,(anonymous_9)
FNDA:1,(anonymous_10)
FNDA:1,(anonymous_11)
FNDA:0,(anonymous_12)
FNDA:1,(anonymous_13)
FNDA:1,(anonymous_14)
FNDA:1,(anonymous_15)
FNDA:1,(anonymous_16)
FNDA:0,(anonymous_17)
FNDA:1,(anonymous_18)
FNDA:1,(anonymous_19)
FNDA:1,(anonymous_20)
FNDA:1,(anonymous_21)
FNDA:1,(anonymous_22)
FNDA:1,(anonymous_23)
FNDA:2,(anonymous_24)
FNDA:2,(anonymous_25)
FNDA:1,(anonymous_26)
FNDA:1,(anonymous_27)
FNDA:0,(anonymous_28)
FNDA:0,(anonymous_29)
FNDA:2,(anonymous_30)
FNDA:2,(anonymous_31)
FNDA:1,(anonymous_32)
FNDA:1,(anonymous_33)
FNDA:0,(anonymous_34)
FNDA:2,(anonymous_35)
FNDA:2,(anonymous_36)
FNDA:1,(anonymous_37)
FNDA:1,(anonymous_38)
FNDA:0,(anonymous_39)
DA:2,1
DA:3,1
DA:4,1
DA:5,1
DA:6,1
DA:7,1
DA:8,1
DA:9,1
DA:10,1
DA:11,1
DA:12,1
DA:13,1
DA:14,1
DA:15,1
DA:17,1
DA:18,1
DA:19,1
DA:20,1
DA:22,1
DA:23,15
DA:24,1
DA:30,14
DA:38,1
DA:39,14
DA:40,2
DA:46,12
DA:55,1
DA:56,2
DA:57,2
DA:58,1
DA:59,1
DA:60,1
DA:62,2
DA:63,2
DA:64,2
DA:65,2
DA:66,2
DA:67,2
DA:68,2
DA:70,2
DA:72,2
DA:73,2
DA:76,2
DA:77,2
DA:78,2
DA:79,4
DA:80,4
DA:81,4
DA:83,4
DA:84,2
DA:87,2
DA:90,2
DA:93,2
DA:94,2
DA:95,2
DA:98,0
DA:106,1
DA:107,1
DA:108,1
DA:110,1
DA:111,1
DA:114,1
DA:115,1
DA:116,1
DA:120,1
DA:123,0
DA:124,0
DA:136,1
DA:137,1
DA:138,1
DA:140,1
DA:141,1
DA:144,1
DA:145,1
DA:146,1
DA:147,1
DA:148,1
DA:149,1
DA:152,1
DA:155,1
DA:156,1
DA:160,1
DA:161,1
DA:164,0
DA:165,0
DA:175,1
DA:176,1
DA:177,1
DA:183,1
DA:184,1
DA:185,1
DA:186,1
DA:187,1
DA:188,0
DA:189,0
DA:191,0
DA:193,1
DA:194,1
DA:195,0
DA:196,0
DA:198,0
DA:200,1
DA:201,1
DA:217,1
DA:218,1
DA:219,1
DA:220,1
DA:221,1
DA:222,1
DA:224,1
DA:225,1
DA:226,0
DA:227,0
DA:229,0
DA:231,1
DA:232,1
DA:233,0
DA:234,0
DA:236,0
DA:238,1
DA:239,1
DA:248,1
DA:249,2
DA:250,2
DA:252,2
DA:253,2
DA:254,1
DA:260,1
DA:262,1
DA:263,1
DA:264,1
DA:267,1
DA:268,1
DA:269,1
DA:270,1
DA:273,0
DA:274,0
DA:279,0
DA:286,1
DA:287,2
DA:288,2
DA:290,2
DA:291,2
DA:292,1
DA:298,1
DA:300,1
DA:302,1
DA:304,1
DA:305,1
DA:308,1
DA:311,1
DA:312,27
DA:313,27
DA:314,0
DA:315,0
DA:318,1
DA:323,0
DA:330,1
DA:331,2
DA:332,2
DA:334,2
DA:335,2
DA:336,1
DA:342,1
DA:344,1
DA:346,1
DA:348,1
DA:349,1
DA:352,1
DA:353,1
DA:354,27
DA:355,27
DA:356,0
DA:357,0
DA:360,1
DA:365,0
DA:372,1
LF:177
LH:151
BRDA:23,0,0,1
BRDA:23,0,1,14
BRDA:39,1,0,2
BRDA:39,1,1,12
BRDA:57,2,0,1
BRDA:57,2,1,1
BRDA:81,3,0,2
BRDA:81,3,1,2
BRDA:83,4,0,2
BRDA:83,4,1,2
BRDA:148,5,0,1
BRDA:148,5,1,0
BRDA:187,6,0,0
BRDA:187,6,1,1
BRDA:194,7,0,0
BRDA:194,7,1,1
BRDA:225,8,0,0
BRDA:225,8,1,1
BRDA:232,9,0,0
BRDA:232,9,1,1
BRDA:253,10,0,1
BRDA:253,10,1,1
BRDA:291,11,0,1
BRDA:291,11,1,1
BRDA:313,12,0,0
BRDA:313,12,1,27
BRDA:335,13,0,1
BRDA:335,13,1,1
BRDA:355,14,0,0
BRDA:355,14,1,27
BRF:30
BRH:23
end_of_record
TN:
SF:/Users/lixiao/tmp/AwesomeCoding/backend/routes/problem.js
FN:18,(anonymous_0)
FN:20,(anonymous_1)
FN:24,(anonymous_2)
FN:29,(anonymous_3)
FN:34,(anonymous_4)
FN:36,(anonymous_5)
FN:40,(anonymous_6)
FN:45,(anonymous_7)
FN:50,(anonymous_8)
FN:57,(anonymous_9)
FN:68,(anonymous_10)
FN:80,(anonymous_11)
FN:85,(anonymous_12)
FN:90,(anonymous_13)
FN:92,(anonymous_14)
FN:95,(anonymous_15)
FN:107,(anonymous_16)
FN:112,(anonymous_17)
FN:117,(anonymous_18)
FN:119,(anonymous_19)
FN:123,(anonymous_20)
FN:140,(anonymous_21)
FN:149,(anonymous_22)
FN:155,(anonymous_23)
FN:157,(anonymous_24)
FN:161,(anonymous_25)
FN:166,(anonymous_26)
FN:172,(anonymous_27)
FN:174,(anonymous_28)
FN:178,(anonymous_29)
FN:183,(anonymous_30)
FN:189,(anonymous_31)
FN:191,(anonymous_32)
FN:200,(anonymous_33)
FN:205,(anonymous_34)
FN:211,(anonymous_35)
FN:213,(anonymous_36)
FN:217,(anonymous_37)
FN:222,(anonymous_38)
FN:227,(anonymous_39)
FN:233,(anonymous_40)
FN:241,(anonymous_41)
FN:246,(anonymous_42)
FN:250,(anonymous_43)
FN:256,(anonymous_44)
FN:260,(anonymous_45)
FN:273,(anonymous_46)
FN:284,(anonymous_47)
FN:289,(anonymous_48)
FN:293,(anonymous_49)
FN:299,(anonymous_50)
FN:303,(anonymous_51)
FN:308,(anonymous_52)
FN:312,(anonymous_53)
FN:318,(anonymous_54)
FN:322,(anonymous_55)
FN:334,(anonymous_56)
FN:342,(anonymous_57)
FN:352,(anonymous_58)
FN:357,(anonymous_59)
FN:359,(anonymous_60)
FN:377,(anonymous_61)
FN:384,(anonymous_62)
FN:393,(anonymous_63)
FN:415,(anonymous_64)
FN:438,(anonymous_65)
FN:449,(anonymous_66)
FNF:67
FNH:46
FNDA:2,(anonymous_0)
FNDA:2,(anonymous_1)
FNDA:2,(anonymous_2)
FNDA:0,(anonymous_3)
FNDA:0,(anonymous_4)
FNDA:0,(anonymous_5)
FNDA:0,(anonymous_6)
FNDA:0,(anonymous_7)
FNDA:2,(anonymous_8)
FNDA:2,(anonymous_9)
FNDA:2,(anonymous_10)
FNDA:2,(anonymous_11)
FNDA:0,(anonymous_12)
FNDA:3,(anonymous_13)
FNDA:3,(anonymous_14)
FNDA:3,(anonymous_15)
FNDA:3,(anonymous_16)
FNDA:0,(anonymous_17)
FNDA:1,(anonymous_18)
FNDA:1,(anonymous_19)
FNDA:1,(anonymous_20)
FNDA:0,(anonymous_21)
FNDA:1,(anonymous_22)
FNDA:1,(anonymous_23)
FNDA:1,(anonymous_24)
FNDA:1,(anonymous_25)
FNDA:0,(anonymous_26)
FNDA:2,(anonymous_27)
FNDA:2,(anonymous_28)
FNDA:2,(anonymous_29)
FNDA:0,(anonymous_30)
FNDA:0,(anonymous_31)
FNDA:0,(anonymous_32)
FNDA:0,(anonymous_33)
FNDA:0,(anonymous_34)
FNDA:1,(anonymous_35)
FNDA:1,(anonymous_36)
FNDA:1,(anonymous_37)
FNDA:0,(anonymous_38)
FNDA:1,(anonymous_39)
FNDA:1,(anonymous_40)
FNDA:1,(anonymous_41)
FNDA:0,(anonymous_42)
FNDA:2,(anonymous_43)
FNDA:2,(anonymous_44)
FNDA:2,(anonymous_45)
FNDA:1,(anonymous_46)
FNDA:1,(anonymous_47)
FNDA:1,(anonymous_48)
FNDA:1,(anonymous_49)
FNDA:1,(anonymous_50)
FNDA:1,(anonymous_51)
FNDA:0,(anonymous_52)
FNDA:1,(anonymous_53)
FNDA:1,(anonymous_54)
FNDA:1,(anonymous_55)
FNDA:1,(anonymous_56)
FNDA:1,(anonymous_57)
FNDA:0,(anonymous_58)
FNDA:0,(anonymous_59)
FNDA:0,(anonymous_60)
FNDA:1,(anonymous_61)
FNDA:1,(anonymous_62)
FNDA:1,(anonymous_63)
FNDA:0,(anonymous_64)
FNDA:1,(anonymous_65)
FNDA:1,(anonymous_66)
DA:1,1
DA:2,1
DA:3,1
DA:5,1
DA:6,1
DA:7,1
DA:8,1
DA:9,1
DA:11,1
DA:12,1
DA:13,1
DA:14,1
DA:16,1
DA:18,1
DA:19,2
DA:21,2
DA:22,2
DA:25,2
DA:26,2
DA:27,2
DA:30,0
DA:34,1
DA:35,0
DA:37,0
DA:38,0
DA:41,0
DA:42,0
DA:43,0
DA:46,0
DA:50,1
DA:51,2
DA:52,0
DA:53,0
DA:55,2
DA:56,2
DA:58,2
DA:66,2
DA:69,2
DA:70,2
DA:71,2
DA:72,1
DA:73,1
DA:74,1
DA:76,0
DA:78,2
DA:81,2
DA:82,2
DA:83,2
DA:86,0
DA:90,1
DA:91,3
DA:93,3
DA:96,3
DA:97,3
DA:98,3
DA:99,3
DA:100,3
DA:101,1
DA:103,2
DA:105,3
DA:108,3
DA:109,3
DA:110,3
DA:113,0
DA:117,1
DA:118,1
DA:120,1
DA:121,1
DA:124,1
DA:125,1
DA:126,0
DA:127,0
DA:129,1
DA:130,1
DA:135,1
DA:141,0
DA:142,0
DA:143,0
DA:150,1
DA:151,0
DA:155,1
DA:156,1
DA:158,1
DA:159,1
DA:162,1
DA:163,1
DA:164,1
DA:167,0
DA:172,1
DA:173,2
DA:175,2
DA:176,2
DA:179,2
DA:180,2
DA:181,2
DA:184,0
DA:185,0
DA:189,1
DA:190,0
DA:192,0
DA:193,0
DA:194,0
DA:196,0
DA:197,0
DA:198,0
DA:201,0
DA:202,0
DA:203,0
DA:206,0
DA:207,0
DA:211,1
DA:212,1
DA:214,1
DA:215,1
DA:218,1
DA:219,1
DA:220,1
DA:223,0
DA:227,1
DA:228,1
DA:229,0
DA:230,0
DA:232,1
DA:234,1
DA:235,1
DA:236,0
DA:238,1
DA:239,1
DA:242,1
DA:243,1
DA:244,1
DA:247,0
DA:250,1
DA:251,2
DA:252,0
DA:253,0
DA:255,2
DA:257,2
DA:258,2
DA:261,2
DA:262,2
DA:263,0
DA:264,0
DA:265,0
DA:266,0
DA:270,1
DA:271,1
DA:274,1
DA:275,1
DA:276,1
DA:277,1
DA:278,1
DA:280,0
DA:281,0
DA:285,1
DA:286,1
DA:287,1
DA:290,1
DA:293,1
DA:294,1
DA:295,0
DA:296,0
DA:298,1
DA:300,1
DA:301,1
DA:304,1
DA:305,1
DA:306,1
DA:309,0
DA:312,1
DA:313,1
DA:314,0
DA:315,0
DA:317,1
DA:319,1
DA:320,1
DA:323,1
DA:324,1
DA:325,0
DA:326,0
DA:327,0
DA:331,1
DA:332,1
DA:335,1
DA:336,1
DA:337,0
DA:339,1
DA:340,1
DA:341,1
DA:342,1
DA:343,1
DA:344,0
DA:346,1
DA:350,1
DA:353,0
DA:354,0
DA:357,1
DA:358,0
DA:359,0
DA:360,0
DA:361,0
DA:368,0
DA:377,1
DA:378,1
DA:379,0
DA:380,0
DA:382,1
DA:383,1
DA:385,1
DA:386,1
DA:387,0
DA:389,1
DA:391,1
DA:394,1
DA:395,1
DA:396,1
DA:397,0
DA:398,0
DA:404,0
DA:408,1
DA:409,1
DA:410,1
DA:413,0
DA:414,0
DA:415,0
DA:416,0
DA:417,0
DA:424,0
DA:433,0
DA:439,1
DA:440,1
DA:447,0
DA:450,1
DA:451,1
DA:452,1
DA:456,1
LF:236
LH:158
BRDA:51,0,0,0
BRDA:51,0,1,2
BRDA:71,1,0,1
BRDA:71,1,1,1
BRDA:73,2,0,1
BRDA:73,2,1,0
BRDA:100,3,0,1
BRDA:100,3,1,2
BRDA:100,4,0,3
BRDA:100,4,1,2
BRDA:125,5,0,0
BRDA:125,5,1,1
BRDA:150,6,0,0
BRDA:150,6,1,1
BRDA:228,7,0,0
BRDA:228,7,1,1
BRDA:235,8,0,0
BRDA:235,8,1,1
BRDA:251,9,0,0
BRDA:251,9,1,2
BRDA:262,10,0,0
BRDA:262,10,1,1
BRDA:262,11,0,2
BRDA:262,11,1,0
BRDA:276,12,0,1
BRDA:276,12,1,0
BRDA:294,13,0,0
BRDA:294,13,1,1
BRDA:313,14,0,0
BRDA:313,14,1,1
BRDA:324,15,0,0
BRDA:324,15,1,1
BRDA:324,16,0,1
BRDA:324,16,1,0
BRDA:336,17,0,0
BRDA:336,17,1,1
BRDA:343,18,0,0
BRDA:343,18,1,1
BRDA:360,19,0,0
BRDA:360,19,1,0
BRDA:378,20,0,0
BRDA:378,20,1,1
BRDA:386,21,0,0
BRDA:386,21,1,1
BRDA:395,22,0,1
BRDA:395,22,1,0
BRDA:396,23,0,0
BRDA:396,23,1,1
BRDA:416,24,0,0
BRDA:416,24,1,0
BRDA:451,25,0,1
BRDA:451,25,1,0
BRF:52
BRH:27
end_of_record
TN:
SF:/Users/lixiao/tmp/AwesomeCoding/backend/routes/user.js
FN:19,updateSession
FN:33,(anonymous_1)
FN:41,(anonymous_2)
FN:59,(anonymous_3)
FN:66,(anonymous_4)
FN:71,(anonymous_5)
FN:100,(anonymous_6)
FN:104,(anonymous_7)
FN:136,(anonymous_8)
FN:142,(anonymous_9)
FN:159,(anonymous_10)
FN:164,(anonymous_11)
FN:174,(anonymous_12)
FN:178,(anonymous_13)
FN:209,(anonymous_14)
FN:214,(anonymous_15)
FN:228,(anonymous_16)
FN:232,(anonymous_17)
FN:252,(anonymous_18)
FN:257,(anonymous_19)
FN:268,(anonymous_20)
FN:279,(anonymous_21)
FN:299,(anonymous_22)
FN:323,(anonymous_23)
FN:328,(anonymous_24)
FN:339,(anonymous_25)
FN:345,(anonymous_26)
FN:365,(anonymous_27)
FN:369,(anonymous_28)
FN:374,(anonymous_29)
FN:379,(anonymous_30)
FN:387,(anonymous_31)
FN:391,(anonymous_32)
FN:407,(anonymous_33)
FN:412,(anonymous_34)
FN:420,(anonymous_35)
FN:424,(anonymous_36)
FN:440,(anonymous_37)
FN:445,(anonymous_38)
FN:464,(anonymous_39)
FN:468,(anonymous_40)
FN:474,(anonymous_41)
FN:480,(anonymous_42)
FN:511,(anonymous_43)
FN:515,(anonymous_44)
FN:521,(anonymous_45)
FN:526,randomString
FNF:47
FNH:19
FNDA:17,updateSession
FNDA:2,(anonymous_1)
FNDA:0,(anonymous_2)
FNDA:0,(anonymous_3)
FNDA:0,(anonymous_4)
FNDA:11,(anonymous_5)
FNDA:10,(anonymous_6)
FNDA:10,(anonymous_7)
FNDA:6,(anonymous_8)
FNDA:6,(anonymous_9)
FNDA:4,(anonymous_10)
FNDA:13,(anonymous_11)
FNDA:12,(anonymous_12)
FNDA:12,(anonymous_13)
FNDA:2,(anonymous_14)
FNDA:0,(anonymous_15)
FNDA:0,(anonymous_16)
FNDA:0,(anonymous_17)
FNDA:0,(anonymous_18)
FNDA:25,(anonymous_19)
FNDA:15,(anonymous_20)
FNDA:2,(anonymous_21)
FNDA:2,(anonymous_22)
FNDA:1,(anonymous_23)
FNDA:1,(anonymous_24)
FNDA:1,(anonymous_25)
FNDA:0,(anonymous_26)
FNDA:0,(anonymous_27)
FNDA:0,(anonymous_28)
FNDA:0,(anonymous_29)
FNDA:0,(anonymous_30)
FNDA:0,(anonymous_31)
FNDA:0,(anonymous_32)
FNDA:0,(anonymous_33)
FNDA:0,(anonymous_34)
FNDA:0,(anonymous_35)
FNDA:0,(anonymous_36)
FNDA:0,(anonymous_37)
FNDA:0,(anonymous_38)
FNDA:0,(anonymous_39)
FNDA:0,(anonymous_40)
FNDA:0,(anonymous_41)
FNDA:0,(anonymous_42)
FNDA:0,(anonymous_43)
FNDA:0,(anonymous_44)
FNDA:0,(anonymous_45)
FNDA:0,randomString
DA:1,1
DA:2,1
DA:4,1
DA:5,1
DA:6,1
DA:8,1
DA:9,1
DA:10,1
DA:12,1
DA:13,1
DA:14,1
DA:15,1
DA:17,1
DA:23,17
DA:24,17
DA:25,17
DA:26,17
DA:27,17
DA:28,17
DA:29,17
DA:30,17
DA:33,1
DA:34,2
DA:35,2
DA:36,2
DA:37,2
DA:38,2
DA:41,1
DA:42,0
DA:43,0
DA:44,0
DA:45,0
DA:46,0
DA:49,0
DA:51,0
DA:60,0
DA:61,0
DA:62,0
DA:64,0
DA:67,0
DA:71,1
DA:72,11
DA:73,11
DA:74,11
DA:75,1
DA:79,1
DA:80,1
DA:81,1
DA:99,10
DA:101,10
DA:102,10
DA:105,10
DA:106,10
DA:107,1
DA:108,1
DA:114,9
DA:115,9
DA:116,9
DA:117,9
DA:118,81
DA:119,81
DA:120,21
DA:122,60
DA:123,0
DA:126,60
DA:130,9
DA:131,81
DA:133,9
DA:134,9
DA:137,6
DA:138,6
DA:139,6
DA:140,6
DA:143,6
DA:144,6
DA:145,0
DA:146,0
DA:151,6
DA:152,6
DA:153,6
DA:154,6
DA:155,6
DA:156,6
DA:157,6
DA:160,4
DA:164,1
DA:165,13
DA:166,13
DA:167,13
DA:168,13
DA:169,1
DA:171,1
DA:173,12
DA:175,12
DA:176,12
DA:179,12
DA:180,12
DA:181,1
DA:182,1
DA:188,11
DA:189,11
DA:190,11
DA:191,1
DA:192,1
DA:198,10
DA:199,10
DA:200,10
DA:201,10
DA:210,2
DA:214,1
DA:215,0
DA:216,0
DA:217,0
DA:221,0
DA:222,0
DA:223,0
DA:225,0
DA:227,0
DA:229,0
DA:230,0
DA:233,0
DA:234,0
DA:235,0
DA:236,0
DA:242,0
DA:243,0
DA:244,0
DA:245,0
DA:253,0
DA:257,1
DA:258,25
DA:259,25
DA:263,25
DA:264,10
DA:265,10
DA:268,15
DA:269,15
DA:270,15
DA:272,15
DA:273,15
DA:275,25
DA:276,25
DA:279,1
DA:280,2
DA:281,2
DA:298,2
DA:300,2
DA:301,2
DA:302,2
DA:308,2
DA:309,8
DA:310,0
DA:311,0
DA:312,0
DA:313,0
DA:314,0
DA:316,8
DA:317,2
DA:319,2
DA:320,2
DA:321,2
DA:324,1
DA:325,1
DA:326,1
DA:329,1
DA:330,1
DA:331,1
DA:332,1
DA:333,1
DA:334,1
DA:335,1
DA:336,1
DA:337,1
DA:340,1
DA:341,1
DA:345,1
DA:346,0
DA:350,0
DA:351,0
DA:352,0
DA:353,0
DA:354,0
DA:355,0
DA:356,0
DA:360,0
DA:361,0
DA:362,0
DA:364,0
DA:366,0
DA:367,0
DA:370,0
DA:371,0
DA:372,0
DA:375,0
DA:379,1
DA:380,0
DA:384,0
DA:385,0
DA:386,0
DA:388,0
DA:389,0
DA:392,0
DA:393,0
DA:394,0
DA:395,0
DA:398,0
DA:399,0
DA:400,0
DA:401,0
DA:403,0
DA:404,0
DA:405,0
DA:408,0
DA:412,1
DA:413,0
DA:417,0
DA:418,0
DA:419,0
DA:421,0
DA:422,0
DA:425,0
DA:426,0
DA:427,0
DA:428,0
DA:431,0
DA:432,0
DA:433,0
DA:434,0
DA:436,0
DA:437,0
DA:438,0
DA:441,0
DA:445,1
DA:446,0
DA:450,0
DA:451,0
DA:452,0
DA:453,0
DA:454,0
DA:455,0
DA:459,0
DA:460,0
DA:461,0
DA:463,0
DA:465,0
DA:466,0
DA:469,0
DA:470,0
DA:471,0
DA:472,0
DA:475,0
DA:480,1
DA:481,0
DA:485,0
DA:486,0
DA:487,0
DA:488,0
DA:489,0
DA:491,0
DA:492,0
DA:493,0
DA:497,0
DA:498,0
DA:499,0
DA:500,0
DA:501,0
DA:502,0
DA:506,0
DA:507,0
DA:508,0
DA:510,0
DA:512,0
DA:513,0
DA:516,0
DA:517,0
DA:518,0
DA:519,0
DA:522,0
DA:527,0
DA:528,0
DA:529,0
DA:530,0
DA:531,0
DA:533,0
DA:536,1
LF:285
LH:142
BRDA:74,0,0,1
BRDA:74,0,1,10
BRDA:106,1,0,1
BRDA:106,1,1,9
BRDA:119,2,0,21
BRDA:119,2,1,60
BRDA:119,3,0,81
BRDA:119,3,1,60
BRDA:119,3,2,60
BRDA:122,4,0,0
BRDA:122,4,1,60
BRDA:144,5,0,0
BRDA:144,5,1,6
BRDA:168,6,0,1
BRDA:168,6,1,12
BRDA:168,7,0,13
BRDA:168,7,1,12
BRDA:180,8,0,1
BRDA:180,8,1,11
BRDA:190,9,0,1
BRDA:190,9,1,10
BRDA:216,10,0,0
BRDA:216,10,1,0
BRDA:234,11,0,0
BRDA:234,11,1,0
BRDA:263,12,0,10
BRDA:263,12,1,15
BRDA:270,13,0,0
BRDA:270,13,1,15
BRDA:309,14,0,0
BRDA:309,14,1,8
BRDA:316,15,0,2
BRDA:316,15,1,6
BRDA:340,16,0,1
BRDA:340,16,1,0
BRDA:353,17,0,0
BRDA:353,17,1,0
BRDA:393,18,0,0
BRDA:393,18,1,0
BRDA:426,19,0,0
BRDA:426,19,1,0
BRDA:452,20,0,0
BRDA:452,20,1,0
BRDA:491,21,0,0
BRDA:491,21,1,0
BRDA:500,22,0,0
BRDA:500,22,1,0
BRF:47
BRH:26
end_of_record
TN:
SF:/Users/lixiao/tmp/AwesomeCoding/backend/utils/funcs.js
FN:11,getConnection
FN:15,(anonymous_1)
FN:23,(anonymous_2)
FN:31,(anonymous_3)
FN:39,doSqlQuery
FN:46,(anonymous_5)
FN:47,(anonymous_6)
FN:70,doSqlQuerySequential
FN:71,(anonymous_8)
FN:73,(anonymous_9)
FN:74,(anonymous_10)
FN:82,(anonymous_11)
FN:106,randomString
FN:116,getPermission
FN:117,(anonymous_14)
FN:119,(anonymous_15)
FN:127,(anonymous_16)
FN:139,(anonymous_17)
FN:146,checkPermission
FN:147,(anonymous_19)
FN:166,(anonymous_20)
FN:178,(anonymous_21)
FNF:22
FNH:21
FNDA:129,getConnection
FNDA:129,(anonymous_1)
FNDA:129,(anonymous_2)
FNDA:2,(anonymous_3)
FNDA:183,doSqlQuery
FNDA:183,(anonymous_5)
FNDA:183,(anonymous_6)
FNDA:3,doSqlQuerySequential
FNDA:3,(anonymous_8)
FNDA:4,(anonymous_9)
FNDA:4,(anonymous_10)
FNDA:3,(anonymous_11)
FNDA:19,randomString
FNDA:6,getPermission
FNDA:6,(anonymous_14)
FNDA:6,(anonymous_15)
FNDA:6,(anonymous_16)
FNDA:0,(anonymous_17)
FNDA:17,checkPermission
FNDA:17,(anonymous_19)
FNDA:16,(anonymous_20)
FNDA:1,(anonymous_21)
DA:1,1
DA:2,1
DA:3,1
DA:4,1
DA:6,1
DA:7,1
DA:8,1
DA:9,1
DA:15,129
DA:16,129
DA:22,129
DA:23,129
DA:24,129
DA:25,2
DA:26,2
DA:28,127
DA:32,2
DA:33,2
DA:40,183
DA:41,0
DA:46,183
DA:47,183
DA:48,183
DA:49,7
DA:50,7
DA:51,7
DA:59,176
DA:60,176
DA:61,176
DA:71,3
DA:72,3
DA:73,3
DA:74,4
DA:75,4
DA:76,0
DA:78,4
DA:79,4
DA:80,4
DA:83,3
DA:84,0
DA:85,0
DA:92,3
DA:107,19
DA:108,19
DA:109,19
DA:110,19
DA:111,227
DA:113,19
DA:117,6
DA:118,6
DA:120,6
DA:124,6
DA:125,6
DA:128,6
DA:129,6
DA:130,6
DA:131,0
DA:134,6
DA:136,6
DA:137,6
DA:140,0
DA:141,0
DA:147,17
DA:148,17
DA:149,0
DA:150,0
DA:154,0
DA:156,17
DA:157,0
DA:158,0
DA:162,0
DA:164,17
DA:165,17
DA:167,16
DA:168,16
DA:169,1
DA:170,1
DA:174,1
DA:176,15
DA:179,1
DA:183,1
LF:81
LH:68
BRDA:24,0,0,2
BRDA:24,0,1,127
BRDA:40,1,0,0
BRDA:40,1,1,183
BRDA:40,2,0,183
BRDA:40,2,1,183
BRDA:48,3,0,7
BRDA:48,3,1,176
BRDA:75,4,0,0
BRDA:75,4,1,4
BRDA:83,5,0,0
BRDA:83,5,1,3
BRDA:130,6,0,0
BRDA:130,6,1,6
BRDA:148,7,0,0
BRDA:148,7,1,17
BRDA:156,8,0,0
BRDA:156,8,1,17
BRDA:168,9,0,1
BRDA:168,9,1,15
BRF:20
BRH:14
end_of_record
TN:
SF:/Users/lixiao/tmp/AwesomeCoding/backend/utils/global.js
FN:5,updateSocketSession
FNF:1
FNH:1
FNDA:20,updateSocketSession
DA:3,1
DA:6,20
DA:7,20
DA:8,20
DA:9,0
DA:13,1
LF:6
LH:5
BRDA:6,0,0,0
BRDA:6,0,1,20
BRDA:8,1,0,20
BRDA:8,1,1,0
BRF:4
BRH:2
end_of_record
TN:
SF:/Users/lixiao/tmp/AwesomeCoding/backend/utils/mysql_initializer.js
FN:199,mysql_initializer
FN:200,(anonymous_1)
FN:210,(anonymous_2)
FN:243,(anonymous_3)
FN:245,(anonymous_4)
FN:255,(anonymous_5)
FNF:6
FNH:6
FNDA:3,mysql_initializer
FNDA:3,(anonymous_1)
FNDA:3,(anonymous_2)
FNDA:62,(anonymous_3)
FNDA:62,(anonymous_4)
FNDA:3,(anonymous_5)
DA:1,1
DA:2,1
DA:3,1
DA:5,1
DA:6,1
DA:7,1
DA:8,1
DA:12,1
DA:200,3
DA:201,3
DA:206,3
DA:207,3
DA:208,3
DA:209,3
DA:210,3
DA:211,3
DA:212,0
DA:216,0
DA:218,3
DA:240,3
DA:241,2
DA:243,3
DA:244,62
DA:245,62
DA:246,62
DA:247,0
DA:251,0
DA:253,62
DA:256,3
DA:257,0
DA:259,3
DA:265,1
LF:32
LH:27
BRDA:211,0,0,0
BRDA:211,0,1,3
BRDA:240,1,0,2
BRDA:240,1,1,1
BRDA:246,2,0,0
BRDA:246,2,1,62
BRDA:256,3,0,0
BRDA:256,3,1,3
BRF:8
BRH:5
end_of_record
TN:
SF:/Users/lixiao/tmp/AwesomeCoding/backend/utils/sign.js
FN:3,getSign
FNF:1
FNH:1
FNDA:1,getSign
DA:1,1
DA:4,1
DA:5,1
DA:6,0
DA:8,1
DA:10,1
DA:11,1
DA:12,0
DA:14,1
DA:16,1
DA:17,1
DA:18,1
DA:19,1
DA:22,1
LF:14
LH:12
BRF:0
BRH:0
end_of_record
TN:
SF:/Users/lixiao/tmp/AwesomeCoding/backend/utils/socket_io.js
FN:12,notifyClassMembers
FN:14,(anonymous_1)
FN:26,(anonymous_2)
FN:31,(anonymous_3)
FN:54,(anonymous_4)
FN:63,alertClassMembers
FN:66,(anonymous_6)
FN:70,(anonymous_7)
FN:84,(anonymous_8)
FN:89,initSocketIO
FN:90,(anonymous_10)
FN:99,(anonymous_11)
FN:108,(anonymous_12)
FN:121,(anonymous_13)
FN:127,(anonymous_14)
FNF:15
FNH:8
FNDA:1,notifyClassMembers
FNDA:1,(anonymous_1)
FNDA:0,(anonymous_2)
FNDA:0,(anonymous_3)
FNDA:1,(anonymous_4)
FNDA:1,alertClassMembers
FNDA:1,(anonymous_6)
FNDA:1,(anonymous_7)
FNDA:1,(anonymous_8)
FNDA:1,initSocketIO
FNDA:0,(anonymous_10)
FNDA:0,(anonymous_11)
FNDA:0,(anonymous_12)
FNDA:0,(anonymous_13)
FNDA:0,(anonymous_14)
DA:2,1
DA:3,1
DA:4,1
DA:5,1
DA:6,1
DA:7,1
DA:8,1
DA:9,1
DA:13,1
DA:15,1
DA:24,0
DA:27,0
DA:28,0
DA:29,0
DA:32,0
DA:33,0
DA:34,0
DA:44,0
DA:45,0
DA:46,0
DA:47,0
DA:48,0
DA:50,0
DA:55,1
DA:56,1
DA:64,1
DA:65,1
DA:67,1
DA:68,1
DA:71,1
DA:72,1
DA:73,1
DA:74,1
DA:75,1
DA:76,1
DA:77,0
DA:78,0
DA:79,0
DA:80,0
DA:85,1
DA:90,1
DA:92,0
DA:93,0
DA:94,0
DA:95,0
DA:99,0
DA:100,0
DA:101,0
DA:102,0
DA:103,0
DA:108,0
DA:109,0
DA:110,0
DA:111,0
DA:114,0
DA:117,0
DA:120,0
DA:121,0
DA:122,0
DA:123,0
DA:127,0
DA:128,0
DA:132,1
DA:135,1
LF:64
LH:26
BRDA:47,0,0,0
BRDA:47,0,1,0
BRDA:48,1,0,0
BRDA:48,1,1,0
BRDA:76,2,0,0
BRDA:76,2,1,0
BRDA:76,3,0,1
BRDA:76,3,1,0
BRDA:78,4,0,0
BRDA:78,4,1,0
BRDA:93,5,0,0
BRDA:93,5,1,0
BRDA:101,6,0,0
BRDA:101,6,1,0
BRDA:110,7,0,0
BRDA:110,7,1,0
BRDA:120,8,0,0
BRDA:120,8,1,0
BRF:18
BRH:1
end_of_record
